<?xml version="1.0" ?>
<coverage branch-rate="0.167" line-rate="0.3756" timestamp="1448560148818" version="4.0.3">
	<!-- Generated by coverage.py: https://coverage.readthedocs.org -->
	<!-- Based on https://raw.githubusercontent.com/cobertura/web/f0366e5e2cf18f111cbd61fc34ef720a6584ba02/htdocs/xml/coverage-03.dtd -->
	<sources>
		<source>/home/val/Desktop/Sweng/team-localeventapp/Server/mysite</source>
	</sources>
	<packages>
		<package branch-rate="0.1033" complexity="0" line-rate="0.1145" name=".usr.local.lib.python2.7.dist-packages.django.contrib.admin">
			<classes>
				<class branch-rate="1" complexity="0" filename="/usr/local/lib/python2.7/dist-packages/django/contrib/admin/__init__.py" line-rate="0.1" name="__init__.py">
					<methods/>
					<lines>
						<line hits="0" number="3"/>
						<line hits="0" number="4"/>
						<line hits="0" number="5"/>
						<line hits="0" number="7"/>
						<line hits="0" number="11"/>
						<line hits="0" number="12"/>
						<line hits="0" number="14"/>
						<line hits="0" number="23"/>
						<line hits="1" number="24"/>
						<line hits="0" number="27"/>
					</lines>
				</class>
				<class branch-rate="1" complexity="0" filename="/usr/local/lib/python2.7/dist-packages/django/contrib/admin/apps.py" line-rate="0.2308" name="apps.py">
					<methods/>
					<lines>
						<line hits="0" number="1"/>
						<line hits="0" number="2"/>
						<line hits="0" number="3"/>
						<line hits="0" number="4"/>
						<line hits="0" number="7"/>
						<line hits="0" number="10"/>
						<line hits="0" number="11"/>
						<line hits="0" number="13"/>
						<line hits="1" number="14"/>
						<line hits="0" number="17"/>
						<line hits="0" number="20"/>
						<line hits="1" number="21"/>
						<line hits="1" number="22"/>
					</lines>
				</class>
				<class branch-rate="0.2978" complexity="0" filename="/usr/local/lib/python2.7/dist-packages/django/contrib/admin/checks.py" line-rate="0.3125" name="checks.py">
					<methods/>
					<lines>
						<line hits="0" number="2"/>
						<line hits="0" number="4"/>
						<line hits="0" number="6"/>
						<line hits="0" number="9"/>
						<line hits="0" number="10"/>
						<line hits="0" number="11"/>
						<line hits="0" number="12"/>
						<line hits="0" number="17"/>
						<line hits="0" number="18"/>
						<line hits="0" number="20"/>
						<line hits="0" number="23"/>
						<line hits="0" number="25"/>
						<line hits="1" number="26"/>
						<line hits="1" number="27"/>
						<line hits="1" number="28"/>
						<line hits="1" number="29"/>
						<line hits="1" number="30"/>
						<line hits="1" number="31"/>
						<line hits="1" number="32"/>
						<line hits="1" number="33"/>
						<line hits="1" number="34"/>
						<line hits="1" number="35"/>
						<line hits="1" number="36"/>
						<line hits="1" number="37"/>
						<line hits="1" number="38"/>
						<line hits="1" number="39"/>
						<line hits="0" number="41"/>
						<line branch="true" condition-coverage="50% (1/2)" hits="1" missing-branches="46" number="45"/>
						<line hits="0" number="46"/>
						<line hits="1" number="48"/>
						<line hits="0" number="53"/>
						<line hits="0" number="58"/>
						<line hits="0" number="59"/>
						<line hits="0" number="60"/>
						<line hits="0" number="61"/>
						<line branch="true" condition-coverage="0% (0/2)" hits="0" missing-branches="65,68" number="64"/>
						<line hits="0" number="65"/>
						<line hits="0" number="68"/>
						<line hits="0" number="70"/>
						<line branch="true" condition-coverage="50% (1/2)" hits="1" missing-branches="77" number="75"/>
						<line hits="1" number="76"/>
						<line branch="true" condition-coverage="0% (0/2)" hits="0" missing-branches="78,79" number="77"/>
						<line hits="0" number="78"/>
						<line branch="true" condition-coverage="0% (0/2)" hits="0" missing-branches="80,88" number="79"/>
						<line hits="0" number="80"/>
						<line hits="0" number="88"/>
						<line branch="true" condition-coverage="0% (0/2)" hits="0" missing-branches="90,99" number="89"/>
						<line hits="0" number="90"/>
						<line hits="0" number="99"/>
						<line hits="0" number="104"/>
						<line branch="true" condition-coverage="100% (2/2)" hits="1" number="108"/>
						<line hits="1" number="109"/>
						<line branch="true" condition-coverage="50% (1/2)" hits="1" missing-branches="111" number="110"/>
						<line hits="0" number="111"/>
						<line hits="1" number="113"/>
						<line hits="0" number="118"/>
						<line branch="true" condition-coverage="50% (1/2)" hits="1" missing-branches="123" number="122"/>
						<line hits="0" number="123"/>
						<line branch="true" condition-coverage="50% (1/2)" hits="1" missing-branches="125" number="124"/>
						<line hits="0" number="125"/>
						<line branch="true" condition-coverage="50% (1/2)" hits="1" missing-branches="127" number="126"/>
						<line hits="0" number="127"/>
						<line branch="true" condition-coverage="50% (1/2)" hits="1" missing-branches="129" number="128"/>
						<line hits="0" number="129"/>
						<line branch="true" condition-coverage="50% (1/2)" hits="1" missing-branches="138" number="137"/>
						<line hits="0" number="138"/>
						<line hits="1" number="140"/>
						<line branch="true" condition-coverage="50% (1/2)" hits="1" missing-branches="142" number="141"/>
						<line hits="0" number="142"/>
						<line hits="1" number="150"/>
						<line hits="0" number="155"/>
						<line branch="true" condition-coverage="50% (1/2)" hits="1" missing-branches="161" number="160"/>
						<line hits="0" number="161"/>
						<line hits="1" number="166"/>
						<line hits="0" number="168"/>
						<line branch="true" condition-coverage="50% (1/2)" hits="1" missing-branches="173" number="169"/>
						<line hits="0" number="173"/>
						<line hits="1" number="175"/>
						<line hits="1" number="176"/>
						<line hits="0" number="177"/>
						<line hits="0" number="180"/>
						<line branch="true" condition-coverage="50% (1/2)" hits="1" missing-branches="184" number="182"/>
						<line hits="0" number="184"/>
						<line hits="1" number="195"/>
						<line hits="0" number="197"/>
						<line branch="true" condition-coverage="50% (1/2)" hits="1" missing-branches="202" number="200"/>
						<line hits="1" number="201"/>
						<line branch="true" condition-coverage="0% (0/2)" hits="0" missing-branches="203,204" number="202"/>
						<line hits="0" number="203"/>
						<line branch="true" condition-coverage="0% (0/2)" hits="0" missing-branches="205,214" number="204"/>
						<line hits="0" number="205"/>
						<line hits="0" number="214"/>
						<line hits="0" number="216"/>
						<line branch="true" condition-coverage="50% (1/2)" hits="1" missing-branches="220" number="219"/>
						<line hits="0" number="220"/>
						<line hits="1" number="223"/>
						<line hits="0" number="225"/>
						<line branch="true" condition-coverage="50% (1/2)" hits="1" missing-branches="229" number="228"/>
						<line hits="0" number="229"/>
						<line branch="true" condition-coverage="50% (1/2)" hits="1" missing-branches="231" number="230"/>
						<line hits="0" number="231"/>
						<line hits="1" number="233"/>
						<line hits="0" number="238"/>
						<line branch="true" condition-coverage="50% (1/2)" hits="1" missing-branches="242" number="241"/>
						<line hits="0" number="242"/>
						<line branch="true" condition-coverage="50% (1/2)" hits="1" missing-branches="244" number="243"/>
						<line hits="0" number="244"/>
						<line hits="1" number="246"/>
						<line hits="0" number="251"/>
						<line hits="1" number="255"/>
						<line hits="1" number="256"/>
						<line hits="0" number="257"/>
						<line hits="0" number="258"/>
						<line branch="true" condition-coverage="50% (1/2)" hits="1" missing-branches="262" number="261"/>
						<line hits="0" number="262"/>
						<line hits="1" number="264"/>
						<line hits="0" number="266"/>
						<line branch="true" condition-coverage="50% (1/2)" hits="1" missing-branches="270" number="269"/>
						<line hits="0" number="270"/>
						<line branch="true" condition-coverage="50% (1/2)" hits="1" missing-branches="272" number="271"/>
						<line hits="0" number="272"/>
						<line hits="1" number="274"/>
						<line hits="0" number="280"/>
						<line hits="0" number="284"/>
						<line hits="0" number="285"/>
						<line hits="0" number="286"/>
						<line hits="0" number="287"/>
						<line branch="true" condition-coverage="0% (0/2)" hits="0" missing-branches="291,303" number="290"/>
						<line hits="0" number="291"/>
						<line hits="0" number="303"/>
						<line hits="0" number="305"/>
						<line hits="0" number="308"/>
						<line branch="true" condition-coverage="0% (0/2)" hits="0" missing-branches="311,320" number="310"/>
						<line hits="0" number="311"/>
						<line hits="0" number="320"/>
						<line hits="0" number="322"/>
						<line branch="true" condition-coverage="50% (1/2)" hits="1" missing-branches="336" number="323"/>
						<line branch="true" condition-coverage="50% (1/2)" hits="1" missing-branches="325" number="324"/>
						<line hits="0" number="325"/>
						<line hits="1" number="334"/>
						<line hits="0" number="336"/>
						<line hits="0" number="338"/>
						<line branch="true" condition-coverage="50% (1/2)" hits="1" missing-branches="343" number="342"/>
						<line hits="0" number="343"/>
						<line branch="true" condition-coverage="50% (1/2)" hits="1" missing-branches="345" number="344"/>
						<line hits="0" number="345"/>
						<line hits="1" number="347"/>
						<line hits="0" number="353"/>
						<line hits="0" number="358"/>
						<line hits="0" number="364"/>
						<line hits="0" number="365"/>
						<line hits="0" number="366"/>
						<line hits="0" number="367"/>
						<line branch="true" condition-coverage="0% (0/2)" hits="0" missing-branches="371,383" number="370"/>
						<line hits="0" number="371"/>
						<line hits="0" number="383"/>
						<line hits="0" number="385"/>
						<line branch="true" condition-coverage="0% (0/2)" hits="0" missing-branches="390,392" number="389"/>
						<line hits="0" number="390"/>
						<line hits="0" number="392"/>
						<line hits="0" number="397"/>
						<line hits="0" number="401"/>
						<line hits="0" number="402"/>
						<line hits="0" number="403"/>
						<line hits="0" number="404"/>
						<line hits="0" number="407"/>
						<line hits="0" number="409"/>
						<line branch="true" condition-coverage="50% (1/2)" hits="1" missing-branches="414" number="413"/>
						<line hits="0" number="414"/>
						<line branch="true" condition-coverage="50% (1/2)" hits="1" missing-branches="416" number="415"/>
						<line hits="0" number="416"/>
						<line hits="1" number="418"/>
						<line hits="0" number="423"/>
						<line branch="true" condition-coverage="50% (1/2)" hits="1" missing-branches="427" number="426"/>
						<line hits="0" number="427"/>
						<line branch="true" condition-coverage="50% (1/2)" hits="1" missing-branches="437" number="436"/>
						<line hits="0" number="437"/>
						<line branch="true" condition-coverage="50% (1/2)" hits="1" missing-branches="441" number="438"/>
						<line hits="0" number="441"/>
						<line branch="true" condition-coverage="50% (1/2)" hits="1" missing-branches="444" number="443"/>
						<line hits="0" number="444"/>
						<line hits="1" number="446"/>
						<line hits="1" number="447"/>
						<line hits="0" number="448"/>
						<line hits="0" number="449"/>
						<line hits="1" number="452"/>
						<line hits="0" number="454"/>
						<line branch="true" condition-coverage="50% (1/2)" hits="1" missing-branches="459" number="457"/>
						<line hits="1" number="458"/>
						<line branch="true" condition-coverage="0% (0/2)" hits="0" missing-branches="460,462" number="459"/>
						<line hits="0" number="460"/>
						<line hits="0" number="462"/>
						<line hits="0" number="467"/>
						<line branch="true" condition-coverage="0% (0/2)" hits="0" missing-branches="469,470" number="468"/>
						<line hits="0" number="469"/>
						<line branch="true" condition-coverage="0% (0/2)" hits="0" missing-branches="471,472" number="470"/>
						<line hits="0" number="471"/>
						<line branch="true" condition-coverage="0% (0/2)" hits="0" missing-branches="473,475" number="472"/>
						<line hits="0" number="473"/>
						<line hits="0" number="475"/>
						<line hits="0" number="476"/>
						<line hits="0" number="477"/>
						<line hits="0" number="478"/>
						<line hits="0" number="489"/>
						<line hits="0" number="492"/>
						<line hits="0" number="494"/>
						<line hits="1" number="495"/>
						<line hits="1" number="496"/>
						<line hits="1" number="497"/>
						<line hits="1" number="498"/>
						<line hits="1" number="499"/>
						<line hits="1" number="500"/>
						<line hits="1" number="501"/>
						<line hits="1" number="502"/>
						<line hits="1" number="503"/>
						<line hits="1" number="504"/>
						<line hits="1" number="505"/>
						<line hits="1" number="506"/>
						<line hits="1" number="507"/>
						<line hits="1" number="508"/>
						<line hits="0" number="510"/>
						<line branch="true" condition-coverage="50% (1/2)" hits="1" missing-branches="514" number="513"/>
						<line hits="0" number="514"/>
						<line hits="1" number="517"/>
						<line hits="0" number="519"/>
						<line branch="true" condition-coverage="50% (1/2)" hits="1" missing-branches="523" number="522"/>
						<line hits="0" number="523"/>
						<line hits="1" number="526"/>
						<line hits="0" number="528"/>
						<line branch="true" condition-coverage="50% (1/2)" hits="1" missing-branches="532" number="531"/>
						<line hits="0" number="532"/>
						<line hits="1" number="534"/>
						<line hits="0" number="539"/>
						<line hits="0" number="541"/>
						<line hits="0" number="543"/>
						<line branch="true" condition-coverage="0% (0/2)" hits="0" missing-branches="546,554" number="545"/>
						<line hits="0" number="546"/>
						<line branch="true" condition-coverage="0% (0/2)" hits="0" missing-branches="555,563" number="554"/>
						<line hits="0" number="555"/>
						<line branch="true" condition-coverage="0% (0/2)" hits="0" missing-branches="564,567" number="563"/>
						<line hits="0" number="564"/>
						<line hits="0" number="567"/>
						<line hits="0" number="569"/>
						<line branch="true" condition-coverage="50% (1/2)" hits="1" missing-branches="574" number="573"/>
						<line hits="0" number="574"/>
						<line hits="1" number="576"/>
						<line hits="0" number="581"/>
						<line branch="true" condition-coverage="50% (1/2)" hits="1" missing-branches="583" number="582"/>
						<line hits="0" number="583"/>
						<line branch="true" condition-coverage="100% (2/2)" hits="1" number="584"/>
						<line hits="1" number="585"/>
						<line branch="true" condition-coverage="50% (1/2)" hits="1" missing-branches="588" number="586"/>
						<line hits="0" number="588"/>
						<line hits="0" number="589"/>
						<line hits="0" number="590"/>
						<line hits="0" number="591"/>
						<line hits="0" number="592"/>
						<line hits="0" number="593"/>
						<line hits="0" number="594"/>
						<line branch="true" condition-coverage="0% (0/2)" hits="0" missing-branches="597,608" number="596"/>
						<line hits="0" number="597"/>
						<line branch="true" condition-coverage="0% (0/2)" hits="0" missing-branches="609,618" number="608"/>
						<line hits="0" number="609"/>
						<line hits="0" number="618"/>
						<line hits="1" number="620"/>
						<line hits="1" number="621"/>
						<line hits="0" number="622"/>
						<line hits="0" number="623"/>
						<line hits="1" number="637"/>
						<line hits="0" number="639"/>
						<line branch="true" condition-coverage="50% (1/2)" hits="1" missing-branches="644" number="643"/>
						<line hits="0" number="644"/>
						<line branch="true" condition-coverage="50% (1/2)" hits="1" missing-branches="646" number="645"/>
						<line hits="0" number="646"/>
						<line hits="1" number="648"/>
						<line hits="0" number="653"/>
						<line branch="true" condition-coverage="0% (0/2)" hits="0" missing-branches="655,666" number="654"/>
						<line hits="0" number="655"/>
						<line hits="0" number="666"/>
						<line hits="0" number="668"/>
						<line branch="true" condition-coverage="50% (1/2)" hits="1" missing-branches="670" number="669"/>
						<line hits="0" number="670"/>
						<line hits="1" number="672"/>
						<line hits="0" number="677"/>
						<line hits="1" number="686"/>
						<line branch="true" condition-coverage="50% (1/2)" hits="1" missing-branches="690" number="688"/>
						<line branch="true" condition-coverage="0% (0/2)" hits="0" missing-branches="691,694" number="690"/>
						<line hits="0" number="691"/>
						<line branch="true" condition-coverage="0% (0/2)" hits="0" missing-branches="695,704" number="694"/>
						<line hits="0" number="695"/>
						<line hits="0" number="704"/>
						<line branch="true" condition-coverage="50% (1/2)" hits="1" missing-branches="707" number="705"/>
						<line hits="0" number="707"/>
						<line branch="true" condition-coverage="0% (0/2)" hits="0" missing-branches="709,712" number="708"/>
						<line hits="0" number="709"/>
						<line hits="0" number="712"/>
						<line hits="1" number="715"/>
						<line hits="1" number="718"/>
						<line hits="1" number="719"/>
						<line hits="0" number="720"/>
						<line hits="0" number="721"/>
						<line hits="1" number="730"/>
						<line hits="0" number="732"/>
						<line branch="true" condition-coverage="50% (1/2)" hits="1" missing-branches="736" number="735"/>
						<line hits="0" number="736"/>
						<line hits="1" number="739"/>
						<line hits="0" number="741"/>
						<line branch="true" condition-coverage="50% (1/2)" hits="1" missing-branches="745" number="744"/>
						<line hits="0" number="745"/>
						<line hits="1" number="747"/>
						<line hits="0" number="749"/>
						<line branch="true" condition-coverage="50% (1/2)" hits="1" missing-branches="753" number="752"/>
						<line hits="0" number="753"/>
						<line hits="1" number="755"/>
						<line hits="0" number="757"/>
						<line branch="true" condition-coverage="50% (1/2)" hits="1" missing-branches="762" number="761"/>
						<line hits="0" number="762"/>
						<line hits="1" number="764"/>
						<line hits="0" number="769"/>
						<line hits="0" number="770"/>
						<line hits="0" number="771"/>
						<line hits="0" number="772"/>
						<line hits="0" number="773"/>
						<line branch="true" condition-coverage="0% (0/2)" hits="0" missing-branches="777,786" number="776"/>
						<line hits="0" number="777"/>
						<line branch="true" condition-coverage="0% (0/2)" hits="0" missing-branches="787,797" number="786"/>
						<line hits="0" number="787"/>
						<line branch="true" condition-coverage="0% (0/2)" hits="0" missing-branches="799,810" number="797"/>
						<line hits="0" number="799"/>
						<line branch="true" condition-coverage="0% (0/2)" hits="0" missing-branches="811,822" number="810"/>
						<line hits="0" number="811"/>
						<line hits="0" number="822"/>
						<line hits="0" number="824"/>
						<line branch="true" condition-coverage="50% (1/2)" hits="1" missing-branches="828" number="827"/>
						<line hits="0" number="828"/>
						<line hits="1" number="830"/>
						<line hits="0" number="832"/>
						<line branch="true" condition-coverage="50% (1/2)" hits="1" missing-branches="838" number="835"/>
						<line hits="1" number="836"/>
						<line hits="0" number="838"/>
						<line hits="0" number="839"/>
						<line hits="0" number="840"/>
						<line hits="0" number="841"/>
						<line branch="true" condition-coverage="0% (0/2)" hits="0" missing-branches="846,849" number="845"/>
						<line hits="0" number="846"/>
						<line hits="0" number="849"/>
						<line hits="0" number="852"/>
						<line hits="0" number="854"/>
						<line hits="0" number="855"/>
						<line hits="0" number="856"/>
						<line hits="0" number="857"/>
						<line hits="0" number="858"/>
						<line hits="0" number="859"/>
						<line hits="0" number="860"/>
						<line hits="0" number="861"/>
						<line hits="0" number="862"/>
						<line hits="0" number="864"/>
						<line hits="0" number="867"/>
						<line branch="true" condition-coverage="0% (0/2)" hits="0" missing-branches="869,872" number="868"/>
						<line hits="0" number="869"/>
						<line branch="true" condition-coverage="0% (0/2)" hits="0" missing-branches="873,875" number="872"/>
						<line hits="0" number="873"/>
						<line branch="true" condition-coverage="0% (0/2)" hits="0" missing-branches="876,878" number="875"/>
						<line hits="0" number="876"/>
						<line hits="0" number="878"/>
						<line branch="true" condition-coverage="0% (0/2)" hits="0" missing-branches="880,892" number="879"/>
						<line hits="0" number="880"/>
						<line hits="0" number="892"/>
						<line hits="0" number="894"/>
						<line hits="0" number="895"/>
						<line hits="0" number="896"/>
						<line hits="0" number="897"/>
						<line hits="0" number="898"/>
						<line hits="0" number="900"/>
						<line hits="0" number="902"/>
						<line branch="true" condition-coverage="0% (0/2)" hits="0" missing-branches="906,908" number="905"/>
						<line hits="0" number="906"/>
						<line hits="0" number="908"/>
						<line hits="0" number="910"/>
						<line branch="true" condition-coverage="0% (0/2)" hits="0" missing-branches="914,915" number="913"/>
						<line hits="0" number="914"/>
						<line branch="true" condition-coverage="0% (0/2)" hits="0" missing-branches="916,918" number="915"/>
						<line hits="0" number="916"/>
						<line hits="0" number="918"/>
						<line hits="0" number="920"/>
						<line branch="true" condition-coverage="0% (0/2)" hits="0" missing-branches="924,925" number="923"/>
						<line hits="0" number="924"/>
						<line branch="true" condition-coverage="0% (0/2)" hits="0" missing-branches="926,928" number="925"/>
						<line hits="0" number="926"/>
						<line hits="0" number="928"/>
						<line hits="0" number="930"/>
						<line branch="true" condition-coverage="0% (0/2)" hits="0" missing-branches="934,937" number="933"/>
						<line hits="0" number="934"/>
						<line hits="0" number="937"/>
						<line hits="0" number="940"/>
						<line hits="0" number="941"/>
						<line hits="0" number="951"/>
						<line hits="0" number="952"/>
						<line hits="0" number="962"/>
						<line hits="0" number="963"/>
					</lines>
				</class>
				<class branch-rate="0.2" complexity="0" filename="/usr/local/lib/python2.7/dist-packages/django/contrib/admin/models.py" line-rate="0.6316" name="models.py">
					<methods/>
					<lines>
						<line hits="1" number="1"/>
						<line hits="1" number="3"/>
						<line hits="1" number="4"/>
						<line hits="1" number="5"/>
						<line hits="1" number="6"/>
						<line hits="1" number="7"/>
						<line hits="1" number="8"/>
						<line hits="1" number="9"/>
						<line hits="1" number="11"/>
						<line hits="1" number="12"/>
						<line hits="1" number="13"/>
						<line hits="1" number="16"/>
						<line hits="1" number="17"/>
						<line hits="1" number="19"/>
						<line hits="0" number="20"/>
						<line hits="0" number="24"/>
						<line branch="true" condition-coverage="100% (2/2)" hits="1" number="27"/>
						<line hits="1" number="28"/>
						<line hits="1" number="29"/>
						<line hits="1" number="30"/>
						<line hits="1" number="31"/>
						<line hits="1" number="32"/>
						<line hits="1" number="33"/>
						<line hits="1" number="34"/>
						<line hits="1" number="35"/>
						<line hits="1" number="37"/>
						<line hits="1" number="39"/>
						<line hits="1" number="40"/>
						<line hits="1" number="41"/>
						<line hits="1" number="42"/>
						<line hits="1" number="43"/>
						<line hits="1" number="45"/>
						<line hits="0" number="46"/>
						<line hits="1" number="48"/>
						<line branch="true" condition-coverage="0% (0/2)" hits="0" missing-branches="50,51" number="49"/>
						<line hits="0" number="50"/>
						<line branch="true" condition-coverage="0% (0/2)" hits="0" missing-branches="52,56" number="51"/>
						<line hits="0" number="52"/>
						<line branch="true" condition-coverage="0% (0/2)" hits="0" missing-branches="57,59" number="56"/>
						<line hits="0" number="57"/>
						<line hits="0" number="59"/>
						<line hits="1" number="61"/>
						<line hits="0" number="62"/>
						<line hits="1" number="64"/>
						<line hits="0" number="65"/>
						<line hits="1" number="67"/>
						<line hits="0" number="68"/>
						<line hits="1" number="70"/>
						<line hits="0" number="72"/>
						<line hits="1" number="74"/>
						<line branch="true" condition-coverage="0% (0/2)" hits="0" missing-branches="79,84" number="78"/>
						<line hits="0" number="79"/>
						<line hits="0" number="80"/>
						<line hits="0" number="81"/>
						<line hits="0" number="82"/>
						<line hits="0" number="83"/>
						<line hits="0" number="84"/>
					</lines>
				</class>
				<class branch-rate="0.002639" complexity="0" filename="/usr/local/lib/python2.7/dist-packages/django/contrib/admin/options.py" line-rate="0.0171" name="options.py">
					<methods/>
					<lines>
						<line hits="0" number="1"/>
						<line hits="0" number="2"/>
						<line hits="0" number="3"/>
						<line hits="0" number="4"/>
						<line hits="0" number="5"/>
						<line hits="0" number="7"/>
						<line hits="0" number="8"/>
						<line hits="0" number="9"/>
						<line hits="0" number="10"/>
						<line hits="0" number="11"/>
						<line hits="0" number="14"/>
						<line hits="0" number="15"/>
						<line hits="0" number="16"/>
						<line hits="0" number="17"/>
						<line hits="0" number="21"/>
						<line hits="0" number="22"/>
						<line hits="0" number="23"/>
						<line hits="0" number="27"/>
						<line hits="0" number="28"/>
						<line hits="0" number="29"/>
						<line hits="0" number="30"/>
						<line hits="0" number="31"/>
						<line hits="0" number="32"/>
						<line hits="0" number="33"/>
						<line hits="0" number="34"/>
						<line hits="0" number="35"/>
						<line hits="0" number="39"/>
						<line hits="0" number="40"/>
						<line hits="0" number="41"/>
						<line hits="0" number="42"/>
						<line hits="0" number="43"/>
						<line hits="0" number="44"/>
						<line hits="0" number="45"/>
						<line hits="0" number="46"/>
						<line hits="0" number="47"/>
						<line hits="0" number="48"/>
						<line hits="0" number="49"/>
						<line hits="0" number="50"/>
						<line hits="0" number="51"/>
						<line hits="0" number="52"/>
						<line hits="0" number="54"/>
						<line hits="0" number="55"/>
						<line hits="0" number="58"/>
						<line hits="0" number="61"/>
						<line hits="0" number="64"/>
						<line hits="0" number="65"/>
						<line hits="0" number="68"/>
						<line hits="0" number="69"/>
						<line hits="0" number="72"/>
						<line hits="0" number="73"/>
						<line hits="0" number="78"/>
						<line hits="0" number="95"/>
						<line hits="0" number="98"/>
						<line hits="0" number="101"/>
						<line hits="0" number="102"/>
						<line hits="0" number="103"/>
						<line hits="0" number="104"/>
						<line hits="0" number="105"/>
						<line hits="0" number="106"/>
						<line hits="0" number="107"/>
						<line hits="0" number="108"/>
						<line hits="0" number="109"/>
						<line hits="0" number="110"/>
						<line hits="0" number="111"/>
						<line hits="0" number="112"/>
						<line hits="0" number="113"/>
						<line hits="0" number="114"/>
						<line hits="0" number="118"/>
						<line hits="0" number="119"/>
						<line hits="0" number="121"/>
						<line hits="0" number="123"/>
						<line hits="0" number="125"/>
						<line branch="true" condition-coverage="0% (0/2)" hits="0" missing-branches="129,131" number="128"/>
						<line hits="0" number="129"/>
						<line hits="0" number="131"/>
						<line hits="0" number="132"/>
						<line hits="0" number="134"/>
						<line branch="true" condition-coverage="50% (1/2)" hits="1" missing-branches="137" number="136"/>
						<line hits="0" number="137"/>
						<line hits="0" number="142"/>
						<line hits="0" number="143"/>
						<line hits="0" number="144"/>
						<line hits="0" number="145"/>
						<line hits="0" number="146"/>
						<line hits="0" number="148"/>
						<line hits="1" number="150"/>
						<line hits="0" number="152"/>
						<line hits="1" number="153"/>
						<line hits="1" number="154"/>
						<line hits="1" number="155"/>
						<line hits="0" number="157"/>
						<line hits="0" number="164"/>
						<line branch="true" condition-coverage="0% (0/2)" hits="0" missing-branches="169,172" number="168"/>
						<line hits="0" number="169"/>
						<line branch="true" condition-coverage="0% (0/2)" hits="0" missing-branches="177,207" number="172"/>
						<line branch="true" condition-coverage="0% (0/2)" hits="0" missing-branches="178,181" number="177"/>
						<line hits="0" number="178"/>
						<line branch="true" condition-coverage="0% (0/2)" hits="0" missing-branches="182,183" number="181"/>
						<line hits="0" number="182"/>
						<line branch="true" condition-coverage="0% (0/2)" hits="0" missing-branches="184,190" number="183"/>
						<line hits="0" number="184"/>
						<line branch="true" condition-coverage="0% (0/2)" hits="0" missing-branches="191,203" number="190"/>
						<line hits="0" number="191"/>
						<line hits="0" number="192"/>
						<line branch="true" condition-coverage="0% (0/2)" hits="0" missing-branches="194,199" number="193"/>
						<line hits="0" number="194"/>
						<line hits="0" number="199"/>
						<line hits="0" number="203"/>
						<line branch="true" condition-coverage="0% (0/2)" hits="0" missing-branches="208,213" number="207"/>
						<line branch="true" condition-coverage="0% (0/2)" hits="0" missing-branches="207,209" number="208"/>
						<line hits="0" number="209"/>
						<line hits="0" number="210"/>
						<line hits="0" number="213"/>
						<line hits="0" number="215"/>
						<line branch="true" condition-coverage="0% (0/2)" hits="0" missing-branches="222,231" number="220"/>
						<line branch="true" condition-coverage="0% (0/2)" hits="0" missing-branches="223,226" number="222"/>
						<line hits="0" number="223"/>
						<line branch="true" condition-coverage="0% (0/2)" hits="0" missing-branches="227,231" number="226"/>
						<line hits="0" number="227"/>
						<line hits="0" number="231"/>
						<line hits="0" number="233"/>
						<line hits="0" number="239"/>
						<line branch="true" condition-coverage="0% (0/2)" hits="0" missing-branches="241,244" number="240"/>
						<line hits="0" number="241"/>
						<line branch="true" condition-coverage="0% (0/2)" hits="0" missing-branches="243,244" number="242"/>
						<line hits="0" number="243"/>
						<line hits="0" number="244"/>
						<line hits="0" number="246"/>
						<line hits="0" number="250"/>
						<line branch="true" condition-coverage="0% (0/2)" hits="0" missing-branches="252,254" number="251"/>
						<line hits="0" number="252"/>
						<line branch="true" condition-coverage="0% (0/2)" hits="0" missing-branches="255,260" number="254"/>
						<line hits="0" number="255"/>
						<line hits="0" number="258"/>
						<line branch="true" condition-coverage="0% (0/2)" hits="0" missing-branches="261,265" number="260"/>
						<line hits="0" number="261"/>
						<line branch="true" condition-coverage="0% (0/2)" hits="0" missing-branches="263,265" number="262"/>
						<line hits="0" number="263"/>
						<line hits="0" number="265"/>
						<line hits="0" number="267"/>
						<line branch="true" condition-coverage="0% (0/2)" hits="0" missing-branches="274,275" number="273"/>
						<line hits="0" number="274"/>
						<line hits="0" number="275"/>
						<line branch="true" condition-coverage="0% (0/2)" hits="0" missing-branches="278,281" number="277"/>
						<line hits="0" number="278"/>
						<line hits="0" number="280"/>
						<line branch="true" condition-coverage="0% (0/2)" hits="0" missing-branches="282,287" number="281"/>
						<line hits="0" number="282"/>
						<line branch="true" condition-coverage="0% (0/2)" hits="0" missing-branches="288,292" number="287"/>
						<line hits="0" number="288"/>
						<line branch="true" condition-coverage="0% (0/2)" hits="0" missing-branches="290,292" number="289"/>
						<line hits="0" number="290"/>
						<line hits="0" number="292"/>
						<line branch="true" condition-coverage="0% (0/2)" hits="0" missing-branches="294,297" number="293"/>
						<line hits="0" number="294"/>
						<line hits="0" number="295"/>
						<line hits="0" number="296"/>
						<line hits="0" number="297"/>
						<line hits="0" number="299"/>
						<line branch="true" condition-coverage="0% (0/2)" hits="0" missing-branches="301,303" number="300"/>
						<line hits="0" number="301"/>
						<line branch="true" condition-coverage="0% (0/2)" hits="0" missing-branches="304,305" number="303"/>
						<line hits="0" number="304"/>
						<line branch="true" condition-coverage="0% (0/2)" hits="0" missing-branches="exit,307" number="305"/>
						<line hits="0" number="307"/>
						<line hits="0" number="312"/>
						<line hits="0" number="314"/>
						<line branch="true" condition-coverage="0% (0/2)" hits="0" missing-branches="321,322" number="320"/>
						<line hits="0" number="321"/>
						<line branch="true" condition-coverage="0% (0/2)" hits="0" missing-branches="323,324" number="322"/>
						<line hits="0" number="323"/>
						<line hits="0" number="324"/>
						<line hits="0" number="326"/>
						<line hits="0" number="330"/>
						<line hits="0" number="332"/>
						<line hits="0" number="340"/>
						<line hits="0" number="341"/>
						<line hits="0" number="342"/>
						<line branch="true" condition-coverage="0% (0/2)" hits="0" missing-branches="344,352" number="343"/>
						<line hits="0" number="344"/>
						<line branch="true" condition-coverage="0% (0/2)" hits="0" missing-branches="350,352" number="349"/>
						<line hits="0" number="350"/>
						<line branch="true" condition-coverage="0% (0/2)" hits="0" missing-branches="353,354" number="352"/>
						<line hits="0" number="353"/>
						<line hits="0" number="354"/>
						<line hits="0" number="356"/>
						<line hits="0" number="360"/>
						<line hits="0" number="362"/>
						<line hits="0" number="366"/>
						<line hits="0" number="368"/>
						<line hits="0" number="372"/>
						<line hits="0" number="374"/>
						<line hits="0" number="379"/>
						<line hits="0" number="381"/>
						<line branch="true" condition-coverage="0% (0/2)" hits="0" missing-branches="383,384" number="382"/>
						<line hits="0" number="383"/>
						<line hits="0" number="384"/>
						<line hits="0" number="386"/>
						<line hits="0" number="387"/>
						<line hits="0" number="389"/>
						<line branch="true" condition-coverage="0% (0/2)" hits="0" missing-branches="395,401" number="393"/>
						<line branch="true" condition-coverage="0% (0/2)" hits="0" missing-branches="396,397" number="395"/>
						<line hits="0" number="396"/>
						<line branch="true" condition-coverage="0% (0/2)" hits="0" missing-branches="393,398" number="397"/>
						<line branch="true" condition-coverage="0% (0/2)" hits="0" missing-branches="397,399" number="398"/>
						<line hits="0" number="399"/>
						<line hits="0" number="401"/>
						<line branch="true" condition-coverage="0% (0/2)" hits="0" missing-branches="406,412" number="405"/>
						<line hits="0" number="406"/>
						<line hits="0" number="412"/>
						<line branch="true" condition-coverage="0% (0/2)" hits="0" missing-branches="414,435" number="413"/>
						<line hits="0" number="414"/>
						<line hits="0" number="415"/>
						<line hits="0" number="416"/>
						<line hits="0" number="419"/>
						<line branch="true" condition-coverage="0% (0/2)" hits="0" missing-branches="421,430" number="420"/>
						<line branch="true" condition-coverage="0% (0/2)" hits="0" missing-branches="424,425" number="421"/>
						<line hits="0" number="424"/>
						<line hits="0" number="425"/>
						<line branch="true" condition-coverage="0% (0/2)" hits="0" missing-branches="427,429" number="426"/>
						<line hits="0" number="427"/>
						<line hits="0" number="429"/>
						<line branch="true" condition-coverage="0% (0/2)" hits="0" missing-branches="431,434" number="430"/>
						<line hits="0" number="431"/>
						<line hits="0" number="432"/>
						<line hits="0" number="434"/>
						<line branch="true" condition-coverage="0% (0/2)" hits="0" missing-branches="436,438" number="435"/>
						<line hits="0" number="436"/>
						<line branch="true" condition-coverage="0% (0/2)" hits="0" missing-branches="439,440" number="438"/>
						<line hits="0" number="439"/>
						<line hits="0" number="440"/>
						<line hits="0" number="441"/>
						<line branch="true" condition-coverage="0% (0/2)" hits="0" missing-branches="443,449" number="442"/>
						<line branch="true" condition-coverage="0% (0/2)" hits="0" missing-branches="444,445" number="443"/>
						<line hits="0" number="444"/>
						<line branch="true" condition-coverage="0% (0/2)" hits="0" missing-branches="446,448" number="445"/>
						<line hits="0" number="446"/>
						<line hits="0" number="448"/>
						<line hits="0" number="449"/>
						<line hits="0" number="451"/>
						<line hits="0" number="456"/>
						<line hits="0" number="458"/>
						<line hits="0" number="459"/>
						<line hits="0" number="460"/>
						<line hits="0" number="461"/>
						<line branch="true" condition-coverage="0% (0/2)" hits="0" missing-branches="466,470" number="465"/>
						<line hits="0" number="466"/>
						<line branch="true" condition-coverage="0% (0/2)" hits="0" missing-branches="471,476" number="470"/>
						<line branch="true" condition-coverage="0% (0/2)" hits="0" missing-branches="470,472" number="471"/>
						<line hits="0" number="472"/>
						<line hits="0" number="476"/>
						<line branch="true" condition-coverage="0% (0/2)" hits="0" missing-branches="478,482" number="477"/>
						<line hits="0" number="478"/>
						<line branch="true" condition-coverage="0% (0/2)" hits="0" missing-branches="477,480" number="479"/>
						<line hits="0" number="480"/>
						<line branch="true" condition-coverage="0% (0/2)" hits="0" missing-branches="exit,486" number="482"/>
						<line branch="true" condition-coverage="0% (0/2)" hits="0" missing-branches="487,494" number="486"/>
						<line hits="0" number="487"/>
						<line hits="0" number="488"/>
						<line branch="true" condition-coverage="0% (0/3)" hits="0" missing-branches="exit,486,492" number="489"/>
						<line hits="0" number="492"/>
						<line hits="0" number="494"/>
						<line hits="0" number="496"/>
						<line hits="0" number="501"/>
						<line hits="0" number="502"/>
						<line hits="0" number="503"/>
						<line hits="0" number="505"/>
						<line hits="0" number="516"/>
						<line hits="0" number="517"/>
						<line hits="0" number="518"/>
						<line hits="0" number="520"/>
						<line hits="0" number="531"/>
						<line hits="0" number="532"/>
						<line hits="0" number="533"/>
						<line hits="0" number="535"/>
						<line hits="0" number="546"/>
						<line branch="true" condition-coverage="0% (0/2)" hits="0" missing-branches="550,551" number="549"/>
						<line hits="0" number="550"/>
						<line hits="0" number="553"/>
						<line hits="0" number="554"/>
						<line hits="0" number="555"/>
						<line hits="0" number="556"/>
						<line hits="0" number="557"/>
						<line hits="0" number="558"/>
						<line hits="0" number="559"/>
						<line hits="0" number="560"/>
						<line hits="0" number="561"/>
						<line hits="0" number="562"/>
						<line hits="0" number="563"/>
						<line hits="0" number="564"/>
						<line hits="0" number="565"/>
						<line hits="0" number="566"/>
						<line hits="0" number="569"/>
						<line hits="0" number="570"/>
						<line hits="0" number="571"/>
						<line hits="0" number="572"/>
						<line hits="0" number="573"/>
						<line hits="0" number="574"/>
						<line hits="0" number="577"/>
						<line hits="0" number="578"/>
						<line hits="0" number="579"/>
						<line hits="0" number="580"/>
						<line hits="0" number="581"/>
						<line hits="0" number="585"/>
						<line hits="0" number="587"/>
						<line hits="0" number="589"/>
						<line hits="1" number="590"/>
						<line hits="1" number="591"/>
						<line hits="1" number="592"/>
						<line hits="1" number="593"/>
						<line hits="0" number="595"/>
						<line hits="0" number="596"/>
						<line hits="0" number="598"/>
						<line hits="0" number="599"/>
						<line branch="true" condition-coverage="0% (0/2)" hits="0" missing-branches="601,611" number="600"/>
						<line hits="0" number="601"/>
						<line branch="true" condition-coverage="0% (0/2)" hits="0" missing-branches="603,609" number="602"/>
						<line branch="true" condition-coverage="0% (0/2)" hits="0" missing-branches="606,607" number="603"/>
						<line hits="0" number="606"/>
						<line branch="true" condition-coverage="0% (0/2)" hits="0" missing-branches="608,609" number="607"/>
						<line hits="0" number="608"/>
						<line hits="0" number="609"/>
						<line hits="0" number="611"/>
						<line hits="0" number="613"/>
						<line hits="1" number="614"/>
						<line hits="1" number="616"/>
						<line hits="1" number="617"/>
						<line hits="0" number="618"/>
						<line hits="1" number="619"/>
						<line hits="1" number="621"/>
						<line hits="1" number="623"/>
						<line hits="1" number="630"/>
						<line hits="0" number="632"/>
						<line hits="1" number="633"/>
						<line hits="0" number="634"/>
						<line hits="0" number="636"/>
						<line hits="0" number="638"/>
						<line hits="0" number="639"/>
						<line branch="true" condition-coverage="0% (0/2)" hits="0" missing-branches="646,647" number="645"/>
						<line hits="0" number="646"/>
						<line branch="true" condition-coverage="0% (0/2)" hits="0" missing-branches="648,649" number="647"/>
						<line hits="0" number="648"/>
						<line hits="0" number="649"/>
						<line hits="0" number="651"/>
						<line hits="0" number="657"/>
						<line hits="0" number="663"/>
						<line branch="true" condition-coverage="0% (0/2)" hits="0" missing-branches="665,666" number="664"/>
						<line hits="0" number="665"/>
						<line hits="0" number="666"/>
						<line hits="0" number="667"/>
						<line hits="0" number="669"/>
						<line branch="true" condition-coverage="0% (0/2)" hits="0" missing-branches="675,677" number="674"/>
						<line hits="0" number="675"/>
						<line hits="0" number="677"/>
						<line branch="true" condition-coverage="0% (0/2)" hits="0" missing-branches="679,681" number="678"/>
						<line hits="0" number="679"/>
						<line hits="0" number="681"/>
						<line hits="0" number="682"/>
						<line branch="true" condition-coverage="0% (0/2)" hits="0" missing-branches="686,689" number="683"/>
						<line hits="0" number="686"/>
						<line hits="0" number="689"/>
						<line hits="0" number="690"/>
						<line hits="0" number="696"/>
						<line branch="true" condition-coverage="0% (0/2)" hits="0" missing-branches="699,701" number="698"/>
						<line hits="0" number="699"/>
						<line hits="0" number="701"/>
						<line hits="0" number="702"/>
						<line hits="0" number="703"/>
						<line hits="0" number="704"/>
						<line hits="0" number="707"/>
						<line hits="0" number="711"/>
						<line hits="0" number="712"/>
						<line hits="0" number="714"/>
						<line hits="0" number="720"/>
						<line hits="0" number="721"/>
						<line hits="0" number="722"/>
						<line hits="0" number="723"/>
						<line hits="0" number="724"/>
						<line hits="0" number="725"/>
						<line hits="0" number="726"/>
						<line hits="0" number="727"/>
						<line hits="0" number="729"/>
						<line hits="0" number="733"/>
						<line hits="0" number="736"/>
						<line branch="true" condition-coverage="0% (0/2)" hits="0" missing-branches="739,741" number="737"/>
						<line hits="0" number="739"/>
						<line hits="0" number="741"/>
						<line hits="0" number="743"/>
						<line hits="0" number="748"/>
						<line hits="0" number="751"/>
						<line hits="0" number="752"/>
						<line hits="0" number="756"/>
						<line branch="true" condition-coverage="0% (0/2)" hits="0" missing-branches="exit,762" number="761"/>
						<line hits="0" number="762"/>
						<line hits="0" number="764"/>
						<line hits="0" number="765"/>
						<line hits="0" number="770"/>
						<line hits="0" number="772"/>
						<line hits="0" number="780"/>
						<line hits="0" number="781"/>
						<line hits="0" number="782"/>
						<line branch="true" condition-coverage="0% (0/2)" hits="0" missing-branches="785,795" number="784"/>
						<line hits="0" number="785"/>
						<line branch="true" condition-coverage="0% (0/2)" hits="0" missing-branches="exit,791" number="790"/>
						<line hits="0" number="791"/>
						<line branch="true" condition-coverage="0% (0/2)" hits="0" missing-branches="exit,793" number="792"/>
						<line hits="0" number="793"/>
						<line branch="true" condition-coverage="0% (0/2)" hits="0" missing-branches="exit,796" number="795"/>
						<line hits="0" number="796"/>
						<line hits="0" number="798"/>
						<line hits="0" number="799"/>
						<line hits="0" number="801"/>
						<line hits="0" number="807"/>
						<line hits="0" number="808"/>
						<line hits="0" number="816"/>
						<line hits="0" number="822"/>
						<line hits="0" number="823"/>
						<line hits="0" number="832"/>
						<line hits="0" number="839"/>
						<line hits="0" number="840"/>
						<line hits="0" number="848"/>
						<line hits="0" number="852"/>
						<line hits="0" number="853"/>
						<line hits="0" number="854"/>
						<line hits="0" number="856"/>
						<line branch="true" condition-coverage="0% (0/2)" hits="0" missing-branches="864,866" number="863"/>
						<line hits="0" number="864"/>
						<line hits="0" number="866"/>
						<line branch="true" condition-coverage="0% (0/2)" hits="0" missing-branches="870,875" number="869"/>
						<line hits="0" number="870"/>
						<line hits="0" number="871"/>
						<line branch="true" condition-coverage="0% (0/2)" hits="0" missing-branches="876,883" number="875"/>
						<line hits="0" number="876"/>
						<line branch="true" condition-coverage="0% (0/2)" hits="0" missing-branches="879,880" number="878"/>
						<line hits="0" number="879"/>
						<line branch="true" condition-coverage="0% (0/2)" hits="0" missing-branches="exit,875" number="880"/>
						<line hits="0" number="883"/>
						<line branch="true" condition-coverage="0% (0/2)" hits="0" missing-branches="exit,891" number="886"/>
						<line hits="0" number="891"/>
						<line hits="0" number="893"/>
						<line hits="0" number="898"/>
						<line branch="true" condition-coverage="0% (0/2)" hits="0" missing-branches="900,902" number="899"/>
						<line hits="0" number="900"/>
						<line hits="0" number="901"/>
						<line hits="0" number="902"/>
						<line hits="0" number="904"/>
						<line branch="true" condition-coverage="0% (0/2)" hits="0" missing-branches="912,918" number="911"/>
						<line hits="0" number="912"/>
						<line hits="0" number="913"/>
						<line branch="true" condition-coverage="0% (0/2)" hits="0" missing-branches="919,923" number="918"/>
						<line hits="0" number="919"/>
						<line hits="0" number="923"/>
						<line hits="0" number="924"/>
						<line hits="0" number="925"/>
						<line hits="0" number="926"/>
						<line branch="true" condition-coverage="0% (0/2)" hits="0" missing-branches="929,931" number="928"/>
						<line hits="0" number="929"/>
						<line hits="0" number="931"/>
						<line hits="0" number="932"/>
						<line hits="0" number="934"/>
						<line hits="0" number="939"/>
						<line hits="0" number="941"/>
						<line branch="true" condition-coverage="0% (0/2)" hits="0" missing-branches="948,951" number="947"/>
						<line hits="0" number="948"/>
						<line hits="0" number="951"/>
						<line hits="0" number="953"/>
						<line hits="0" number="958"/>
						<line hits="0" number="960"/>
						<line hits="0" number="965"/>
						<line hits="0" number="967"/>
						<line hits="0" number="973"/>
						<line branch="true" condition-coverage="0% (0/2)" hits="0" missing-branches="975,976" number="974"/>
						<line hits="0" number="975"/>
						<line branch="true" condition-coverage="0% (0/2)" hits="0" missing-branches="977,978" number="976"/>
						<line hits="0" number="977"/>
						<line branch="true" condition-coverage="0% (0/2)" hits="0" missing-branches="979,981" number="978"/>
						<line hits="0" number="979"/>
						<line hits="0" number="981"/>
						<line hits="0" number="983"/>
						<line hits="0" number="984"/>
						<line branch="true" condition-coverage="0% (0/2)" hits="0" missing-branches="986,998" number="985"/>
						<line hits="0" number="986"/>
						<line branch="true" condition-coverage="0% (0/2)" hits="0" missing-branches="989,992" number="988"/>
						<line hits="0" number="989"/>
						<line hits="0" number="991"/>
						<line branch="true" condition-coverage="0% (0/2)" hits="0" missing-branches="993,998" number="992"/>
						<line branch="true" condition-coverage="0% (0/2)" hits="0" missing-branches="994,998" number="993"/>
						<line branch="true" condition-coverage="0% (0/2)" hits="0" missing-branches="993,995" number="994"/>
						<line hits="0" number="995"/>
						<line hits="0" number="996"/>
						<line hits="0" number="998"/>
						<line hits="0" number="1000"/>
						<line hits="0" number="1004"/>
						<line branch="true" condition-coverage="0% (0/2)" hits="0" missing-branches="1006,1016" number="1005"/>
						<line hits="0" number="1006"/>
						<line hits="0" number="1007"/>
						<line hits="0" number="1008"/>
						<line branch="true" condition-coverage="0% (0/2)" hits="0" missing-branches="1010,1012" number="1009"/>
						<line hits="0" number="1010"/>
						<line hits="0" number="1012"/>
						<line branch="true" condition-coverage="0% (0/2)" hits="0" missing-branches="1015,1016" number="1014"/>
						<line hits="0" number="1015"/>
						<line hits="0" number="1016"/>
						<line hits="0" number="1018"/>
						<line hits="0" number="1022"/>
						<line branch="true" condition-coverage="0% (0/2)" hits="0" missing-branches="1024,1026" number="1023"/>
						<line hits="0" number="1024"/>
						<line branch="true" condition-coverage="0% (0/2)" hits="0" missing-branches="1027,1041" number="1026"/>
						<line branch="true" condition-coverage="0% (0/2)" hits="0" missing-branches="1028,1041" number="1027"/>
						<line branch="true" condition-coverage="0% (0/2)" hits="0" missing-branches="1029,1032" number="1028"/>
						<line hits="0" number="1029"/>
						<line branch="true" condition-coverage="0% (0/2)" hits="0" missing-branches="1033,1037" number="1032"/>
						<line hits="0" number="1033"/>
						<line branch="true" condition-coverage="0% (0/2)" hits="0" missing-branches="1027,1038" number="1037"/>
						<line hits="0" number="1038"/>
						<line hits="0" number="1041"/>
						<line hits="0" number="1042"/>
						<line hits="0" number="1044"/>
						<line branch="true" condition-coverage="0% (0/2)" hits="0" missing-branches="1058,1066" number="1056"/>
						<line hits="0" number="1058"/>
						<line hits="0" number="1059"/>
						<line hits="0" number="1060"/>
						<line hits="0" number="1061"/>
						<line branch="true" condition-coverage="0% (0/2)" hits="0" missing-branches="exit,1063" number="1062"/>
						<line hits="0" number="1063"/>
						<line hits="0" number="1066"/>
						<line hits="0" number="1069"/>
						<line hits="0" number="1074"/>
						<line hits="0" number="1076"/>
						<line hits="0" number="1080"/>
						<line hits="0" number="1082"/>
						<line hits="0" number="1086"/>
						<line hits="0" number="1088"/>
						<line hits="0" number="1092"/>
						<line hits="0" number="1094"/>
						<line hits="0" number="1102"/>
						<line branch="true" condition-coverage="0% (0/2)" hits="0" missing-branches="exit,1104" number="1103"/>
						<line hits="0" number="1104"/>
						<line hits="0" number="1106"/>
						<line hits="0" number="1107"/>
						<line hits="0" number="1108"/>
						<line hits="0" number="1109"/>
						<line hits="0" number="1110"/>
						<line hits="0" number="1111"/>
						<line hits="0" number="1112"/>
						<line branch="true" condition-coverage="0% (0/2)" hits="0" missing-branches="1131,1133" number="1130"/>
						<line hits="0" number="1131"/>
						<line hits="0" number="1133"/>
						<line hits="0" number="1135"/>
						<line hits="0" number="1137"/>
						<line hits="0" number="1143"/>
						<line hits="0" number="1147"/>
						<line hits="0" number="1148"/>
						<line hits="0" number="1149"/>
						<line hits="0" number="1150"/>
						<line branch="true" condition-coverage="0% (0/2)" hits="0" missing-branches="1155,1167" number="1154"/>
						<line hits="0" number="1155"/>
						<line branch="true" condition-coverage="0% (0/2)" hits="0" missing-branches="1157,1159" number="1156"/>
						<line hits="0" number="1157"/>
						<line hits="0" number="1159"/>
						<line hits="0" number="1160"/>
						<line hits="0" number="1161"/>
						<line branch="true" condition-coverage="0% (0/2)" hits="0" missing-branches="1168,1181" number="1167"/>
						<line hits="0" number="1168"/>
						<line hits="0" number="1169"/>
						<line branch="true" condition-coverage="0% (0/2)" hits="0" missing-branches="1171,1175" number="1170"/>
						<line hits="0" number="1171"/>
						<line hits="0" number="1175"/>
						<line hits="0" number="1179"/>
						<line branch="true" condition-coverage="0% (0/2)" hits="0" missing-branches="1182,1189" number="1181"/>
						<line hits="0" number="1182"/>
						<line hits="0" number="1183"/>
						<line hits="0" number="1184"/>
						<line hits="0" number="1185"/>
						<line hits="0" number="1186"/>
						<line hits="0" number="1189"/>
						<line hits="0" number="1190"/>
						<line hits="0" number="1191"/>
						<line hits="0" number="1193"/>
						<line branch="true" condition-coverage="0% (0/2)" hits="0" missing-branches="1199,1211" number="1198"/>
						<line hits="0" number="1199"/>
						<line hits="0" number="1200"/>
						<line hits="0" number="1202"/>
						<line hits="0" number="1203"/>
						<line hits="0" number="1204"/>
						<line hits="0" number="1211"/>
						<line hits="0" number="1212"/>
						<line hits="0" number="1213"/>
						<line hits="0" number="1215"/>
						<line branch="true" condition-coverage="0% (0/2)" hits="0" missing-branches="1217,1223" number="1216"/>
						<line hits="0" number="1217"/>
						<line hits="0" number="1218"/>
						<line hits="0" number="1219"/>
						<line hits="0" number="1220"/>
						<line hits="0" number="1221"/>
						<line branch="true" condition-coverage="0% (0/2)" hits="0" missing-branches="1224,1233" number="1223"/>
						<line hits="0" number="1224"/>
						<line hits="0" number="1225"/>
						<line hits="0" number="1226"/>
						<line hits="0" number="1230"/>
						<line hits="0" number="1231"/>
						<line branch="true" condition-coverage="0% (0/2)" hits="0" missing-branches="1234,1243" number="1233"/>
						<line hits="0" number="1234"/>
						<line hits="0" number="1235"/>
						<line hits="0" number="1236"/>
						<line hits="0" number="1239"/>
						<line hits="0" number="1240"/>
						<line hits="0" number="1243"/>
						<line hits="0" number="1244"/>
						<line hits="0" number="1245"/>
						<line hits="0" number="1247"/>
						<line hits="0" number="1252"/>
						<line branch="true" condition-coverage="0% (0/2)" hits="0" missing-branches="1254,1260" number="1253"/>
						<line hits="0" number="1254"/>
						<line hits="0" number="1257"/>
						<line hits="0" number="1258"/>
						<line hits="0" number="1260"/>
						<line hits="0" number="1262"/>
						<line hits="0" number="1264"/>
						<line hits="0" number="1269"/>
						<line branch="true" condition-coverage="0% (0/2)" hits="0" missing-branches="1272,1278" number="1271"/>
						<line hits="0" number="1272"/>
						<line hits="0" number="1275"/>
						<line hits="0" number="1276"/>
						<line hits="0" number="1278"/>
						<line hits="0" number="1280"/>
						<line hits="0" number="1282"/>
						<line hits="0" number="1292"/>
						<line hits="0" number="1293"/>
						<line hits="0" number="1294"/>
						<line hits="0" number="1295"/>
						<line hits="0" number="1298"/>
						<line hits="0" number="1299"/>
						<line hits="0" number="1300"/>
						<line hits="0" number="1303"/>
						<line hits="0" number="1304"/>
						<line hits="0" number="1305"/>
						<line hits="0" number="1309"/>
						<line hits="0" number="1311"/>
						<line hits="0" number="1312"/>
						<line branch="true" condition-coverage="0% (0/2)" hits="0" missing-branches="1316,1345" number="1315"/>
						<line hits="0" number="1316"/>
						<line hits="0" number="1317"/>
						<line hits="0" number="1318"/>
						<line hits="0" number="1323"/>
						<line branch="true" condition-coverage="0% (0/2)" hits="0" missing-branches="1326,1331" number="1324"/>
						<line hits="0" number="1326"/>
						<line hits="0" number="1328"/>
						<line hits="0" number="1329"/>
						<line branch="true" condition-coverage="0% (0/2)" hits="0" missing-branches="1333,1335" number="1331"/>
						<line hits="0" number="1333"/>
						<line hits="0" number="1335"/>
						<line branch="true" condition-coverage="0% (0/2)" hits="0" missing-branches="1341,1343" number="1340"/>
						<line hits="0" number="1341"/>
						<line hits="0" number="1343"/>
						<line hits="0" number="1345"/>
						<line hits="0" number="1346"/>
						<line hits="0" number="1347"/>
						<line hits="0" number="1349"/>
						<line hits="0" number="1354"/>
						<line branch="true" condition-coverage="0% (0/2)" hits="0" missing-branches="1357,1362" number="1356"/>
						<line hits="0" number="1357"/>
						<line hits="0" number="1362"/>
						<line branch="true" condition-coverage="0% (0/2)" hits="0" missing-branches="1369,1377" number="1368"/>
						<line hits="0" number="1369"/>
						<line hits="0" number="1372"/>
						<line hits="0" number="1373"/>
						<line hits="0" number="1377"/>
						<line hits="0" number="1379"/>
						<line hits="0" number="1381"/>
						<line hits="0" number="1382"/>
						<line hits="0" number="1383"/>
						<line hits="0" number="1385"/>
						<line hits="0" number="1386"/>
						<line hits="0" number="1391"/>
						<line hits="0" number="1398"/>
						<line hits="0" number="1400"/>
						<line branch="true" condition-coverage="0% (0/2)" hits="0" missing-branches="1402,1408" number="1401"/>
						<line hits="0" number="1402"/>
						<line hits="0" number="1403"/>
						<line hits="0" number="1404"/>
						<line hits="0" number="1405"/>
						<line hits="0" number="1407"/>
						<line hits="0" number="1408"/>
						<line hits="0" number="1410"/>
						<line hits="0" number="1415"/>
						<line branch="true" condition-coverage="0% (0/2)" hits="0" missing-branches="1417,1424" number="1416"/>
						<line hits="0" number="1417"/>
						<line hits="0" number="1418"/>
						<line hits="0" number="1419"/>
						<line hits="0" number="1420"/>
						<line branch="true" condition-coverage="0% (0/2)" hits="0" missing-branches="1416,1423" number="1422"/>
						<line hits="0" number="1423"/>
						<line hits="0" number="1424"/>
						<line hits="0" number="1426"/>
						<line hits="0" number="1427"/>
						<line hits="0" number="1428"/>
						<line hits="0" number="1430"/>
						<line branch="true" condition-coverage="0% (0/2)" hits="0" missing-branches="1432,1434" number="1431"/>
						<line hits="0" number="1432"/>
						<line hits="0" number="1434"/>
						<line hits="0" number="1435"/>
						<line hits="0" number="1436"/>
						<line branch="true" condition-coverage="0% (0/2)" hits="0" missing-branches="1439,1444" number="1438"/>
						<line branch="true" condition-coverage="0% (0/2)" hits="0" missing-branches="1440,1441" number="1439"/>
						<line hits="0" number="1440"/>
						<line hits="0" number="1441"/>
						<line hits="0" number="1444"/>
						<line branch="true" condition-coverage="0% (0/2)" hits="0" missing-branches="1447,1449" number="1446"/>
						<line hits="0" number="1447"/>
						<line branch="true" condition-coverage="0% (0/2)" hits="0" missing-branches="1450,1453" number="1449"/>
						<line hits="0" number="1450"/>
						<line branch="true" condition-coverage="0% (0/2)" hits="0" missing-branches="1454,1458" number="1453"/>
						<line hits="0" number="1454"/>
						<line hits="0" number="1458"/>
						<line branch="true" condition-coverage="0% (0/2)" hits="0" missing-branches="1460,1479" number="1459"/>
						<line hits="0" number="1460"/>
						<line branch="true" condition-coverage="0% (0/2)" hits="0" missing-branches="1462,1465" number="1461"/>
						<line hits="0" number="1462"/>
						<line hits="0" number="1463"/>
						<line hits="0" number="1465"/>
						<line hits="0" number="1466"/>
						<line hits="0" number="1467"/>
						<line branch="true" condition-coverage="0% (0/2)" hits="0" missing-branches="1469,1487" number="1468"/>
						<line hits="0" number="1469"/>
						<line hits="0" number="1470"/>
						<line branch="true" condition-coverage="0% (0/2)" hits="0" missing-branches="1472,1475" number="1471"/>
						<line hits="0" number="1472"/>
						<line hits="0" number="1473"/>
						<line hits="0" number="1475"/>
						<line hits="0" number="1476"/>
						<line hits="0" number="1477"/>
						<line branch="true" condition-coverage="0% (0/2)" hits="0" missing-branches="1480,1484" number="1479"/>
						<line hits="0" number="1480"/>
						<line hits="0" number="1481"/>
						<line hits="0" number="1482"/>
						<line hits="0" number="1484"/>
						<line hits="0" number="1485"/>
						<line hits="0" number="1487"/>
						<line hits="0" number="1493"/>
						<line hits="0" number="1495"/>
						<line branch="true" condition-coverage="0% (0/2)" hits="0" missing-branches="1497,1499" number="1496"/>
						<line hits="0" number="1497"/>
						<line hits="0" number="1499"/>
						<line hits="0" number="1513"/>
						<line hits="0" number="1515"/>
						<line hits="0" number="1517"/>
						<line hits="0" number="1518"/>
						<line hits="0" number="1520"/>
						<line hits="0" number="1521"/>
						<line hits="0" number="1523"/>
						<line hits="0" number="1524"/>
						<line hits="0" number="1528"/>
						<line hits="0" number="1529"/>
						<line hits="0" number="1530"/>
						<line branch="true" condition-coverage="0% (0/2)" hits="0" missing-branches="1532,1534" number="1531"/>
						<line hits="0" number="1532"/>
						<line hits="0" number="1534"/>
						<line hits="0" number="1535"/>
						<line hits="0" number="1536"/>
						<line hits="0" number="1537"/>
						<line hits="0" number="1540"/>
						<line branch="true" condition-coverage="0% (0/2)" hits="0" missing-branches="1543,1545" number="1541"/>
						<line hits="0" number="1543"/>
						<line hits="0" number="1545"/>
						<line hits="0" number="1546"/>
						<line hits="0" number="1547"/>
						<line hits="0" number="1552"/>
						<line branch="true" condition-coverage="0% (0/2)" hits="0" missing-branches="1560,1563" number="1559"/>
						<line hits="0" number="1560"/>
						<line hits="0" number="1563"/>
						<line hits="0" number="1569"/>
						<line hits="0" number="1570"/>
						<line branch="true" condition-coverage="0% (0/2)" hits="0" missing-branches="1575,1588" number="1573"/>
						<line branch="true" condition-coverage="0% (0/2)" hits="0" missing-branches="1576,1582" number="1575"/>
						<line hits="0" number="1576"/>
						<line branch="true" condition-coverage="0% (0/2)" hits="0" missing-branches="1578,1580" number="1577"/>
						<line hits="0" number="1578"/>
						<line hits="0" number="1580"/>
						<line hits="0" number="1582"/>
						<line hits="0" number="1584"/>
						<line hits="0" number="1585"/>
						<line branch="true" condition-coverage="0% (0/2)" hits="0" missing-branches="1591,1601" number="1588"/>
						<line branch="true" condition-coverage="0% (0/2)" hits="0" missing-branches="1592,1601" number="1591"/>
						<line hits="0" number="1592"/>
						<line branch="true" condition-coverage="0% (0/2)" hits="0" missing-branches="1594,1596" number="1593"/>
						<line hits="0" number="1594"/>
						<line hits="0" number="1596"/>
						<line hits="0" number="1601"/>
						<line branch="true" condition-coverage="0% (0/2)" hits="0" missing-branches="1606,1634" number="1604"/>
						<line hits="0" number="1606"/>
						<line hits="0" number="1607"/>
						<line branch="true" condition-coverage="0% (0/2)" hits="0" missing-branches="1609,1639" number="1608"/>
						<line hits="0" number="1609"/>
						<line branch="true" condition-coverage="0% (0/2)" hits="0" missing-branches="1611,1619" number="1610"/>
						<line branch="true" condition-coverage="0% (0/2)" hits="0" missing-branches="1610,1612" number="1611"/>
						<line hits="0" number="1612"/>
						<line hits="0" number="1613"/>
						<line hits="0" number="1614"/>
						<line hits="0" number="1615"/>
						<line hits="0" number="1616"/>
						<line hits="0" number="1617"/>
						<line branch="true" condition-coverage="0% (0/2)" hits="0" missing-branches="1620,1631" number="1619"/>
						<line branch="true" condition-coverage="0% (0/2)" hits="0" missing-branches="1621,1623" number="1620"/>
						<line hits="0" number="1621"/>
						<line hits="0" number="1623"/>
						<line hits="0" number="1624"/>
						<line hits="0" number="1629"/>
						<line hits="0" number="1631"/>
						<line branch="true" condition-coverage="0% (0/2)" hits="0" missing-branches="1635,1639" number="1634"/>
						<line hits="0" number="1635"/>
						<line hits="0" number="1636"/>
						<line branch="true" condition-coverage="0% (0/2)" hits="0" missing-branches="1640,1642" number="1639"/>
						<line hits="0" number="1640"/>
						<line hits="0" number="1642"/>
						<line branch="true" condition-coverage="0% (0/2)" hits="0" missing-branches="1646,1649" number="1645"/>
						<line hits="0" number="1646"/>
						<line hits="0" number="1647"/>
						<line hits="0" number="1649"/>
						<line hits="0" number="1651"/>
						<line hits="0" number="1654"/>
						<line hits="0" number="1672"/>
						<line hits="0" number="1674"/>
						<line hits="0" number="1676"/>
						<line hits="0" number="1682"/>
						<line hits="0" number="1683"/>
						<line hits="0" number="1684"/>
						<line hits="0" number="1686"/>
						<line hits="0" number="1687"/>
						<line hits="0" number="1689"/>
						<line branch="true" condition-coverage="0% (0/2)" hits="0" missing-branches="1691,1693" number="1690"/>
						<line hits="0" number="1691"/>
						<line hits="0" number="1693"/>
						<line branch="true" condition-coverage="0% (0/2)" hits="0" missing-branches="1696,1698" number="1695"/>
						<line hits="0" number="1696"/>
						<line branch="true" condition-coverage="0% (0/2)" hits="0" missing-branches="1699,1704" number="1698"/>
						<line hits="0" number="1699"/>
						<line hits="0" number="1704"/>
						<line hits="0" number="1708"/>
						<line branch="true" condition-coverage="0% (0/2)" hits="0" missing-branches="1712,1722" number="1711"/>
						<line branch="true" condition-coverage="0% (0/2)" hits="0" missing-branches="1713,1714" number="1712"/>
						<line hits="0" number="1713"/>
						<line hits="0" number="1714"/>
						<line hits="0" number="1715"/>
						<line hits="0" number="1716"/>
						<line hits="0" number="1717"/>
						<line hits="0" number="1718"/>
						<line hits="0" number="1720"/>
						<line hits="0" number="1722"/>
						<line branch="true" condition-coverage="0% (0/2)" hits="0" missing-branches="1725,1727" number="1724"/>
						<line hits="0" number="1725"/>
						<line hits="0" number="1727"/>
						<line hits="0" number="1729"/>
						<line hits="0" number="1745"/>
						<line hits="0" number="1747"/>
						<line hits="0" number="1749"/>
						<line hits="0" number="1751"/>
						<line hits="0" number="1753"/>
						<line hits="0" number="1754"/>
						<line branch="true" condition-coverage="0% (0/2)" hits="0" missing-branches="1756,1761" number="1755"/>
						<line hits="0" number="1756"/>
						<line branch="true" condition-coverage="0% (0/2)" hits="0" missing-branches="1762,1765" number="1761"/>
						<line hits="0" number="1762"/>
						<line hits="0" number="1765"/>
						<line hits="0" number="1766"/>
						<line hits="0" number="1767"/>
						<line hits="0" number="1772"/>
						<line hits="0" number="1780"/>
						<line hits="0" number="1782"/>
						<line hits="0" number="1784"/>
						<line hits="0" number="1790"/>
						<line hits="0" number="1792"/>
						<line hits="0" number="1793"/>
						<line hits="0" number="1794"/>
						<line hits="0" number="1795"/>
						<line branch="true" condition-coverage="0% (0/2)" hits="0" missing-branches="1797,1798" number="1796"/>
						<line hits="0" number="1797"/>
						<line branch="true" condition-coverage="0% (0/2)" hits="0" missing-branches="1799,1816" number="1798"/>
						<line hits="0" number="1799"/>
						<line hits="0" number="1800"/>
						<line branch="true" condition-coverage="0% (0/2)" hits="0" missing-branches="1802,1803" number="1801"/>
						<line hits="0" number="1802"/>
						<line hits="0" number="1803"/>
						<line branch="true" condition-coverage="0% (0/2)" hits="0" missing-branches="1809,1814" number="1808"/>
						<line hits="0" number="1809"/>
						<line hits="0" number="1814"/>
						<line hits="0" number="1815"/>
						<line hits="0" number="1816"/>
						<line hits="0" number="1819"/>
						<line hits="0" number="1827"/>
						<line hits="0" number="1828"/>
						<line hits="0" number="1829"/>
						<line hits="0" number="1830"/>
						<line hits="0" number="1831"/>
						<line hits="0" number="1832"/>
						<line hits="0" number="1833"/>
						<line hits="0" number="1834"/>
						<line hits="0" number="1835"/>
						<line hits="0" number="1836"/>
						<line hits="0" number="1837"/>
						<line hits="0" number="1839"/>
						<line hits="0" number="1841"/>
						<line hits="0" number="1842"/>
						<line hits="0" number="1843"/>
						<line hits="0" number="1844"/>
						<line hits="0" number="1845"/>
						<line hits="0" number="1846"/>
						<line branch="true" condition-coverage="0% (0/2)" hits="0" missing-branches="1848,1849" number="1847"/>
						<line hits="0" number="1848"/>
						<line branch="true" condition-coverage="0% (0/2)" hits="0" missing-branches="exit,1850" number="1849"/>
						<line hits="0" number="1850"/>
						<line hits="0" number="1852"/>
						<line hits="0" number="1854"/>
						<line hits="0" number="1855"/>
						<line branch="true" condition-coverage="0% (0/2)" hits="0" missing-branches="1857,1858" number="1856"/>
						<line hits="0" number="1857"/>
						<line branch="true" condition-coverage="0% (0/2)" hits="0" missing-branches="1859,1860" number="1858"/>
						<line hits="0" number="1859"/>
						<line hits="0" number="1860"/>
						<line hits="0" number="1862"/>
						<line hits="0" number="1864"/>
						<line hits="0" number="1866"/>
						<line hits="0" number="1868"/>
						<line hits="0" number="1870"/>
						<line hits="0" number="1872"/>
						<line hits="0" number="1874"/>
						<line branch="true" condition-coverage="0% (0/2)" hits="0" missing-branches="1877,1879" number="1876"/>
						<line hits="0" number="1877"/>
						<line hits="0" number="1879"/>
						<line branch="true" condition-coverage="0% (0/2)" hits="0" missing-branches="1881,1883" number="1880"/>
						<line hits="0" number="1881"/>
						<line hits="0" number="1883"/>
						<line hits="0" number="1884"/>
						<line branch="true" condition-coverage="0% (0/2)" hits="0" missing-branches="1888,1891" number="1885"/>
						<line hits="0" number="1888"/>
						<line hits="0" number="1891"/>
						<line hits="0" number="1892"/>
						<line hits="0" number="1893"/>
						<line hits="0" number="1906"/>
						<line hits="0" number="1907"/>
						<line hits="0" number="1909"/>
						<line hits="0" number="1910"/>
						<line branch="true" condition-coverage="0% (0/2)" hits="0" missing-branches="exit,1917" number="1916"/>
						<line hits="0" number="1917"/>
						<line hits="0" number="1918"/>
						<line branch="true" condition-coverage="0% (0/2)" hits="0" missing-branches="1920,1921" number="1919"/>
						<line hits="0" number="1920"/>
						<line hits="0" number="1921"/>
						<line branch="true" condition-coverage="0% (0/2)" hits="0" missing-branches="exit,1923" number="1922"/>
						<line hits="0" number="1923"/>
						<line branch="true" condition-coverage="0% (0/2)" hits="0" missing-branches="1925,1932" number="1924"/>
						<line hits="0" number="1925"/>
						<line hits="0" number="1932"/>
						<line hits="0" number="1935"/>
						<line hits="0" number="1938"/>
						<line hits="0" number="1940"/>
						<line hits="0" number="1941"/>
						<line hits="0" number="1942"/>
						<line hits="0" number="1943"/>
						<line hits="0" number="1945"/>
						<line branch="true" condition-coverage="0% (0/2)" hits="0" missing-branches="1948,1950" number="1947"/>
						<line hits="0" number="1948"/>
						<line hits="0" number="1950"/>
						<line hits="0" number="1952"/>
						<line branch="true" condition-coverage="0% (0/2)" hits="0" missing-branches="1954,1955" number="1953"/>
						<line hits="0" number="1954"/>
						<line hits="0" number="1955"/>
						<line hits="0" number="1956"/>
						<line hits="0" number="1958"/>
						<line hits="0" number="1959"/>
						<line branch="true" condition-coverage="0% (0/2)" hits="0" missing-branches="1961,1962" number="1960"/>
						<line hits="0" number="1961"/>
						<line hits="0" number="1962"/>
						<line hits="0" number="1964"/>
						<line branch="true" condition-coverage="0% (0/2)" hits="0" missing-branches="1970,1971" number="1965"/>
						<line hits="0" number="1970"/>
						<line hits="0" number="1971"/>
						<line hits="0" number="1973"/>
						<line hits="0" number="1974"/>
						<line branch="true" condition-coverage="0% (0/2)" hits="0" missing-branches="1978,1982" number="1975"/>
						<line branch="true" condition-coverage="0% (0/2)" hits="0" missing-branches="1979,1982" number="1978"/>
						<line branch="true" condition-coverage="0% (0/2)" hits="0" missing-branches="1978,1980" number="1979"/>
						<line hits="0" number="1980"/>
						<line hits="0" number="1981"/>
						<line hits="0" number="1982"/>
						<line hits="0" number="1983"/>
						<line hits="0" number="1985"/>
						<line branch="true" condition-coverage="0% (0/2)" hits="0" missing-branches="1991,1992" number="1986"/>
						<line hits="0" number="1991"/>
						<line hits="0" number="1992"/>
						<line hits="0" number="1995"/>
						<line hits="0" number="1996"/>
						<line hits="0" number="1999"/>
						<line hits="0" number="2000"/>
					</lines>
				</class>
				<class branch-rate="0.2065" complexity="0" filename="/usr/local/lib/python2.7/dist-packages/django/contrib/admin/sites.py" line-rate="0.1535" name="sites.py">
					<methods/>
					<lines>
						<line hits="0" number="1"/>
						<line hits="0" number="3"/>
						<line hits="0" number="4"/>
						<line hits="0" number="5"/>
						<line hits="0" number="6"/>
						<line hits="0" number="7"/>
						<line hits="0" number="8"/>
						<line hits="0" number="9"/>
						<line hits="0" number="10"/>
						<line hits="0" number="11"/>
						<line hits="0" number="12"/>
						<line hits="0" number="13"/>
						<line hits="0" number="14"/>
						<line hits="0" number="15"/>
						<line hits="0" number="16"/>
						<line hits="0" number="17"/>
						<line hits="0" number="19"/>
						<line hits="0" number="22"/>
						<line hits="0" number="23"/>
						<line hits="0" number="26"/>
						<line hits="0" number="27"/>
						<line hits="0" number="30"/>
						<line hits="0" number="40"/>
						<line hits="0" number="43"/>
						<line hits="0" number="46"/>
						<line hits="0" number="49"/>
						<line hits="0" number="51"/>
						<line hits="0" number="52"/>
						<line hits="0" number="53"/>
						<line hits="0" number="54"/>
						<line hits="0" number="55"/>
						<line hits="0" number="56"/>
						<line hits="0" number="57"/>
						<line hits="0" number="59"/>
						<line hits="0" number="60"/>
						<line hits="0" number="61"/>
						<line hits="0" number="62"/>
						<line hits="0" number="63"/>
						<line hits="0" number="65"/>
						<line branch="true" condition-coverage="100% (2/2)" hits="1" number="79"/>
						<line hits="1" number="80"/>
						<line branch="true" condition-coverage="50% (1/2)" hits="1" missing-branches="84" number="82"/>
						<line hits="1" number="83"/>
						<line branch="true" condition-coverage="100% (2/2)" hits="1" number="84"/>
						<line branch="true" condition-coverage="50% (1/2)" hits="1" missing-branches="86" number="85"/>
						<line hits="0" number="86"/>
						<line branch="true" condition-coverage="50% (1/2)" hits="1" missing-branches="90" number="89"/>
						<line hits="0" number="90"/>
						<line branch="true" condition-coverage="50% (1/2)" hits="1" missing-branches="84" number="94"/>
						<line branch="true" condition-coverage="50% (1/2)" hits="1" missing-branches="101" number="97"/>
						<line hits="0" number="101"/>
						<line hits="0" number="102"/>
						<line branch="true" condition-coverage="100% (2/2)" hits="1" number="104"/>
						<line hits="1" number="105"/>
						<line hits="1" number="108"/>
						<line hits="0" number="110"/>
						<line branch="true" condition-coverage="0% (0/2)" hits="0" missing-branches="117,118" number="116"/>
						<line hits="0" number="117"/>
						<line branch="true" condition-coverage="0% (0/2)" hits="0" missing-branches="exit,119" number="118"/>
						<line branch="true" condition-coverage="0% (0/2)" hits="0" missing-branches="120,121" number="119"/>
						<line hits="0" number="120"/>
						<line hits="0" number="121"/>
						<line hits="0" number="123"/>
						<line hits="0" number="127"/>
						<line hits="0" number="129"/>
						<line hits="0" number="133"/>
						<line hits="0" number="134"/>
						<line hits="0" number="135"/>
						<line hits="0" number="137"/>
						<line hits="0" number="141"/>
						<line hits="0" number="143"/>
						<line hits="0" number="148"/>
						<line hits="0" number="150"/>
						<line hits="0" number="155"/>
						<line hits="0" number="157"/>
						<line hits="0" number="162"/>
						<line hits="0" number="164"/>
						<line branch="true" condition-coverage="0% (0/2)" hits="0" missing-branches="172,175" number="171"/>
						<line hits="0" number="172"/>
						<line branch="true" condition-coverage="0% (0/2)" hits="0" missing-branches="176,179" number="175"/>
						<line hits="0" number="176"/>
						<line hits="0" number="179"/>
						<line hits="0" number="180"/>
						<line hits="0" number="181"/>
						<line hits="0" number="189"/>
						<line branch="true" condition-coverage="0% (0/2)" hits="0" missing-branches="exit,193" number="191"/>
						<line hits="0" number="193"/>
						<line hits="0" number="198"/>
						<line hits="1" number="221"/>
						<line branch="true" condition-coverage="0% (0/2)" hits="0" missing-branches="223,233" number="222"/>
						<line branch="true" condition-coverage="0% (0/2)" hits="0" missing-branches="224,228" number="223"/>
						<line hits="0" number="224"/>
						<line hits="0" number="225"/>
						<line hits="0" number="228"/>
						<line hits="0" number="229"/>
						<line hits="0" number="233"/>
						<line branch="true" condition-coverage="50% (1/2)" hits="1" missing-branches="238" number="234"/>
						<line hits="1" number="235"/>
						<line branch="true" condition-coverage="50% (1/2)" hits="1" missing-branches="240" number="238"/>
						<line hits="1" number="239"/>
[...]
						<line hits="0" number="76"/>
						<line hits="0" number="78"/>
						<line branch="true" condition-coverage="0% (0/2)" hits="0" missing-branches="81,91" number="80"/>
						<line hits="0" number="81"/>
						<line branch="true" condition-coverage="0% (0/2)" hits="0" missing-branches="83,84" number="82"/>
						<line hits="0" number="83"/>
						<line branch="true" condition-coverage="0% (0/2)" hits="0" missing-branches="85,86" number="84"/>
						<line hits="0" number="85"/>
						<line branch="true" condition-coverage="0% (0/2)" hits="0" missing-branches="87,89" number="86"/>
						<line hits="0" number="87"/>
						<line hits="0" number="89"/>
						<line branch="true" condition-coverage="0% (0/2)" hits="0" missing-branches="92,95" number="91"/>
						<line hits="0" number="92"/>
						<line hits="0" number="93"/>
						<line hits="0" number="95"/>
						<line hits="1" number="98"/>
						<line hits="0" number="99"/>
						<line branch="true" condition-coverage="0% (0/2)" hits="0" missing-branches="101,102" number="100"/>
						<line hits="0" number="101"/>
						<line hits="0" number="102"/>
					</lines>
				</class>
				<class branch-rate="0" complexity="0" filename="/usr/local/lib/python2.7/dist-packages/rest_framework/utils/serializer_helpers.py" line-rate="0.5513" name="serializer_helpers.py">
					<methods/>
					<lines>
						<line hits="1" number="1"/>
						<line hits="1" number="3"/>
						<line hits="1" number="4"/>
						<line hits="1" number="6"/>
						<line hits="1" number="8"/>
						<line hits="1" number="11"/>
						<line hits="1" number="18"/>
						<line hits="1" number="19"/>
						<line hits="1" number="20"/>
						<line hits="1" number="22"/>
						<line hits="0" number="23"/>
						<line hits="1" number="25"/>
						<line hits="0" number="26"/>
						<line hits="1" number="28"/>
						<line hits="0" number="31"/>
						<line hits="1" number="34"/>
						<line hits="1" number="41"/>
						<line hits="1" number="42"/>
						<line hits="1" number="43"/>
						<line hits="1" number="45"/>
						<line hits="0" number="46"/>
						<line hits="1" number="48"/>
						<line hits="0" number="51"/>
						<line hits="1" number="54"/>
						<line hits="1" number="61"/>
						<line hits="0" number="62"/>
						<line hits="0" number="63"/>
						<line hits="0" number="64"/>
						<line hits="0" number="65"/>
						<line hits="0" number="66"/>
						<line hits="1" number="68"/>
						<line hits="0" number="69"/>
						<line hits="1" number="71"/>
						<line hits="0" number="73"/>
						<line hits="1" number="75"/>
						<line hits="0" number="76"/>
						<line hits="1" number="80"/>
						<line hits="0" number="81"/>
						<line hits="0" number="82"/>
						<line hits="1" number="85"/>
						<line hits="1" number="92"/>
						<line branch="true" condition-coverage="0% (0/2)" hits="0" missing-branches="94,95" number="93"/>
						<line hits="0" number="94"/>
						<line hits="0" number="95"/>
						<line hits="1" number="97"/>
						<line branch="true" condition-coverage="0% (0/2)" hits="0" missing-branches="exit,99" number="98"/>
						<line hits="0" number="99"/>
						<line hits="1" number="101"/>
						<line hits="0" number="102"/>
						<line hits="0" number="103"/>
						<line hits="0" number="104"/>
						<line branch="true" condition-coverage="0% (0/2)" hits="0" missing-branches="106,107" number="105"/>
						<line hits="0" number="106"/>
						<line hits="0" number="107"/>
						<line hits="1" number="109"/>
						<line hits="0" number="110"/>
						<line branch="true" condition-coverage="0% (0/2)" hits="0" missing-branches="112,116" number="111"/>
						<line branch="true" condition-coverage="0% (0/2)" hits="0" missing-branches="113,115" number="112"/>
						<line hits="0" number="113"/>
						<line hits="0" number="115"/>
						<line hits="0" number="116"/>
						<line hits="1" number="119"/>
						<line hits="1" number="128"/>
						<line hits="1" number="129"/>
						<line hits="1" number="130"/>
						<line hits="1" number="132"/>
						<line hits="1" number="133"/>
						<line hits="1" number="134"/>
						<line hits="1" number="136"/>
						<line hits="1" number="137"/>
						<line hits="1" number="139"/>
						<line hits="0" number="140"/>
						<line hits="1" number="142"/>
						<line hits="1" number="143"/>
						<line hits="1" number="145"/>
						<line hits="0" number="146"/>
						<line hits="1" number="148"/>
						<line hits="0" number="149"/>
					</lines>
				</class>
				<class branch-rate="1" complexity="0" filename="/usr/local/lib/python2.7/dist-packages/rest_framework/utils/urls.py" line-rate="0.2308" name="urls.py">
					<methods/>
					<lines>
						<line hits="1" number="1"/>
						<line hits="1" number="4"/>
						<line hits="0" number="9"/>
						<line hits="0" number="10"/>
						<line hits="0" number="11"/>
						<line hits="0" number="12"/>
						<line hits="0" number="13"/>
						<line hits="1" number="16"/>
						<line hits="0" number="21"/>
						<line hits="0" number="22"/>
						<line hits="0" number="23"/>
						<line hits="0" number="24"/>
						<line hits="0" number="25"/>
					</lines>
				</class>
			</classes>
		</package>
		<package branch-rate="0" complexity="0" line-rate="0.4625" name="User">
			<classes>
				<class branch-rate="1" complexity="0" filename="User/__init__.py" line-rate="1" name="__init__.py">
					<methods/>
					<lines/>
				</class>
				<class branch-rate="1" complexity="0" filename="User/admin.py" line-rate="1" name="admin.py">
					<methods/>
					<lines>
						<line hits="1" number="1"/>
						<line hits="1" number="5"/>
						<line hits="1" number="7"/>
					</lines>
				</class>
				<class branch-rate="1" complexity="0" filename="User/models.py" line-rate="0.875" name="models.py">
					<methods/>
					<lines>
						<line hits="1" number="1"/>
						<line hits="1" number="5"/>
						<line hits="1" number="6"/>
						<line hits="1" number="7"/>
						<line hits="1" number="8"/>
						<line hits="0" number="9"/>
						<line hits="1" number="11"/>
						<line hits="1" number="12"/>
					</lines>
				</class>
				<class branch-rate="1" complexity="0" filename="User/serializers.py" line-rate="1" name="serializers.py">
					<methods/>
					<lines>
						<line hits="1" number="1"/>
						<line hits="1" number="3"/>
						<line hits="1" number="4"/>
						<line hits="1" number="5"/>
						<line hits="1" number="8"/>
						<line hits="1" number="9"/>
						<line hits="1" number="10"/>
						<line hits="1" number="11"/>
					</lines>
				</class>
				<class branch-rate="1" complexity="0" filename="User/urls.py" line-rate="1" name="urls.py">
					<methods/>
					<lines>
						<line hits="1" number="1"/>
						<line hits="1" number="3"/>
						<line hits="1" number="4"/>
						<line hits="1" number="6"/>
						<line hits="1" number="9"/>
						<line hits="1" number="15"/>
					</lines>
				</class>
				<class branch-rate="0" complexity="0" filename="User/views.py" line-rate="0.2364" name="views.py">
					<methods/>
					<lines>
						<line hits="1" number="1"/>
						<line hits="1" number="2"/>
						<line hits="1" number="3"/>
						<line hits="1" number="4"/>
						<line hits="1" number="5"/>
						<line hits="1" number="6"/>
						<line hits="1" number="7"/>
						<line hits="1" number="11"/>
						<line hits="1" number="12"/>
						<line branch="true" condition-coverage="0% (0/2)" hits="0" missing-branches="17,21" number="16"/>
						<line hits="0" number="17"/>
						<line hits="0" number="18"/>
						<line hits="0" number="19"/>
						<line branch="true" condition-coverage="0% (0/2)" hits="0" missing-branches="exit,22" number="21"/>
						<line hits="0" number="22"/>
						<line branch="true" condition-coverage="0% (0/2)" hits="0" missing-branches="24,26" number="23"/>
						<line hits="0" number="24"/>
						<line hits="0" number="25"/>
						<line hits="0" number="26"/>
						<line hits="1" number="28"/>
						<line hits="1" number="29"/>
						<line hits="0" number="33"/>
						<line hits="0" number="34"/>
						<line hits="0" number="35"/>
						<line hits="0" number="36"/>
						<line branch="true" condition-coverage="0% (0/2)" hits="0" missing-branches="39,42" number="38"/>
						<line hits="0" number="39"/>
						<line hits="0" number="40"/>
						<line branch="true" condition-coverage="0% (0/2)" hits="0" missing-branches="43,49" number="42"/>
						<line hits="0" number="43"/>
						<line branch="true" condition-coverage="0% (0/2)" hits="0" missing-branches="45,47" number="44"/>
						<line hits="0" number="45"/>
						<line hits="0" number="46"/>
						<line hits="0" number="47"/>
						<line branch="true" condition-coverage="0% (0/2)" hits="0" missing-branches="exit,50" number="49"/>
						<line hits="0" number="50"/>
						<line hits="0" number="51"/>
						<line hits="1" number="53"/>
						<line hits="1" number="54"/>
						<line hits="0" number="59"/>
						<line hits="0" number="60"/>
						<line hits="0" number="63"/>
						<line hits="0" number="64"/>
						<line branch="true" condition-coverage="0% (0/2)" hits="0" missing-branches="67,68" number="66"/>
						<line hits="0" number="67"/>
						<line branch="true" condition-coverage="0% (0/2)" hits="0" missing-branches="69,72" number="68"/>
						<line hits="0" number="69"/>
						<line hits="0" number="70"/>
						<line hits="0" number="71"/>
						<line hits="0" number="72"/>
						<line hits="0" number="73"/>
						<line hits="0" number="74"/>
						<line hits="0" number="75"/>
						<line hits="0" number="76"/>
						<line hits="0" number="77"/>
					</lines>
				</class>
			</classes>
		</package>
		<package branch-rate="0.25" complexity="0" line-rate="0.5952" name="events">
			<classes>
				<class branch-rate="1" complexity="0" filename="events/__init__.py" line-rate="1" name="__init__.py">
					<methods/>
					<lines>
						<line hits="1" number="1"/>
						<line hits="1" number="2"/>
					</lines>
				</class>
				<class branch-rate="1" complexity="0" filename="events/admin.py" line-rate="1" name="admin.py">
					<methods/>
					<lines>
						<line hits="1" number="1"/>
						<line hits="1" number="6"/>
						<line hits="1" number="8"/>
					</lines>
				</class>
				<class branch-rate="1" complexity="0" filename="events/models.py" line-rate="0.9474" name="models.py">
					<methods/>
					<lines>
						<line hits="1" number="1"/>
						<line hits="1" number="2"/>
						<line hits="1" number="3"/>
						<line hits="1" number="4"/>
						<line hits="1" number="7"/>
						<line hits="1" number="8"/>
						<line hits="1" number="9"/>
						<line hits="1" number="10"/>
						<line hits="1" number="11"/>
						<line hits="1" number="12"/>
						<line hits="1" number="13"/>
						<line hits="1" number="14"/>
						<line hits="1" number="15"/>
						<line hits="1" number="16"/>
						<line hits="1" number="17"/>
						<line hits="1" number="18"/>
						<line hits="0" number="19"/>
						<line hits="1" number="21"/>
						<line hits="1" number="22"/>
					</lines>
				</class>
				<class branch-rate="1" complexity="0" filename="events/serializers.py" line-rate="1" name="serializers.py">
					<methods/>
					<lines>
						<line hits="1" number="1"/>
						<line hits="1" number="3"/>
						<line hits="1" number="4"/>
						<line hits="1" number="5"/>
						<line hits="1" number="8"/>
						<line hits="1" number="9"/>
						<line hits="1" number="10"/>
						<line hits="1" number="11"/>
					</lines>
				</class>
				<class branch-rate="1" complexity="0" filename="events/urls.py" line-rate="1" name="urls.py">
					<methods/>
					<lines>
						<line hits="1" number="1"/>
						<line hits="1" number="3"/>
						<line hits="1" number="4"/>
						<line hits="1" number="6"/>
						<line hits="1" number="9"/>
						<line hits="1" number="19"/>
					</lines>
				</class>
				<class branch-rate="0.25" complexity="0" filename="events/views.py" line-rate="0.4318" name="views.py">
					<methods/>
					<lines>
						<line hits="1" number="1"/>
						<line hits="1" number="2"/>
						<line hits="1" number="4"/>
						<line hits="1" number="5"/>
						<line hits="1" number="6"/>
						<line hits="1" number="7"/>
						<line hits="1" number="8"/>
						<line hits="1" number="9"/>
						<line hits="1" number="10"/>
						<line hits="1" number="12"/>
						<line hits="1" number="13"/>
						<line branch="true" condition-coverage="50% (1/2)" hits="1" missing-branches="19" number="18"/>
						<line hits="0" number="19"/>
						<line branch="true" condition-coverage="100% (2/2)" hits="1" number="21"/>
						<line hits="1" number="22"/>
						<line hits="1" number="23"/>
						<line hits="1" number="24"/>
						<line branch="true" condition-coverage="50% (1/2)" hits="1" missing-branches="exit" number="26"/>
						<line hits="1" number="27"/>
						<line branch="true" condition-coverage="50% (1/2)" hits="1" missing-branches="31" number="28"/>
						<line hits="1" number="29"/>
						<line hits="1" number="30"/>
						<line hits="0" number="31"/>
						<line hits="1" number="33"/>
						<line hits="1" number="34"/>
						<line branch="true" condition-coverage="50% (1/2)" hits="1" missing-branches="39" number="38"/>
						<line hits="0" number="39"/>
						<line hits="1" number="41"/>
						<line hits="1" number="42"/>
						<line hits="0" number="43"/>
						<line hits="0" number="44"/>
						<line branch="true" condition-coverage="50% (1/2)" hits="1" missing-branches="50" number="46"/>
						<line hits="1" number="47"/>
						<line hits="1" number="48"/>
						<line branch="true" condition-coverage="0% (0/2)" hits="0" missing-branches="51,57" number="50"/>
						<line hits="0" number="51"/>
						<line branch="true" condition-coverage="0% (0/2)" hits="0" missing-branches="53,55" number="52"/>
						<line hits="0" number="53"/>
						<line hits="0" number="54"/>
						<line hits="0" number="55"/>
						<line branch="true" condition-coverage="0% (0/2)" hits="0" missing-branches="exit,58" number="57"/>
						<line hits="0" number="58"/>
						<line hits="0" number="59"/>
						<line hits="1" number="61"/>
						<line hits="1" number="62"/>
						<line branch="true" condition-coverage="0% (0/2)" hits="0" missing-branches="65,67" number="64"/>
						<line hits="0" number="65"/>
						<line hits="0" number="67"/>
						<line hits="0" number="68"/>
						<line hits="0" number="70"/>
						<line hits="0" number="71"/>
						<line hits="0" number="72"/>
						<line hits="0" number="73"/>
						<line branch="true" condition-coverage="0% (0/2)" hits="0" missing-branches="exit,76" number="75"/>
						<line hits="0" number="76"/>
						<line hits="0" number="77"/>
						<line hits="1" number="79"/>
						<line hits="1" number="80"/>
						<line branch="true" condition-coverage="0% (0/2)" hits="0" missing-branches="85,87" number="84"/>
						<line hits="0" number="85"/>
						<line hits="0" number="87"/>
						<line hits="0" number="88"/>
						<line hits="0" number="90"/>
						<line hits="0" number="91"/>
						<line hits="0" number="92"/>
						<line hits="0" number="93"/>
						<line hits="0" number="94"/>
						<line hits="0" number="95"/>
						<line hits="0" number="96"/>
						<line hits="0" number="97"/>
						<line branch="true" condition-coverage="0% (0/2)" hits="0" missing-branches="exit,100" number="99"/>
						<line hits="0" number="100"/>
						<line hits="0" number="101"/>
						<line hits="1" number="103"/>
						<line hits="1" number="108"/>
						<line hits="1" number="109"/>
						<line branch="true" condition-coverage="50% (1/2)" hits="1" missing-branches="115" number="112"/>
						<line hits="1" number="113"/>
						<line hits="0" number="115"/>
						<line hits="0" number="116"/>
						<line branch="true" condition-coverage="0% (0/2)" hits="0" missing-branches="119,120" number="118"/>
						<line hits="0" number="119"/>
						<line branch="true" condition-coverage="0% (0/2)" hits="0" missing-branches="121,124" number="120"/>
						<line hits="0" number="121"/>
						<line hits="0" number="122"/>
						<line hits="0" number="123"/>
						<line hits="0" number="124"/>
						<line hits="0" number="125"/>
					</lines>
				</class>
			</classes>
		</package>
		<package branch-rate="1" complexity="0" line-rate="1" name="events.tests">
			<classes>
				<class branch-rate="1" complexity="0" filename="events/tests/__init__.py" line-rate="1" name="__init__.py">
					<methods/>
					<lines>
						<line hits="1" number="1"/>
						<line hits="1" number="3"/>
						<line hits="1" number="4"/>
					</lines>
				</class>
				<class branch-rate="1" complexity="0" filename="events/tests/testunit.py" line-rate="1" name="testunit.py">
					<methods/>
					<lines>
						<line hits="1" number="1"/>
						<line hits="1" number="2"/>
						<line hits="1" number="3"/>
						<line hits="1" number="4"/>
						<line hits="1" number="5"/>
						<line hits="1" number="6"/>
						<line hits="1" number="7"/>
						<line hits="1" number="8"/>
						<line hits="1" number="11"/>
						<line hits="1" number="13"/>
						<line hits="1" number="14"/>
						<line hits="1" number="16"/>
						<line hits="1" number="17"/>
						<line hits="1" number="19"/>
						<line hits="1" number="20"/>
						<line hits="1" number="22"/>
						<line hits="1" number="23"/>
						<line hits="1" number="25"/>
						<line hits="1" number="26"/>
						<line hits="1" number="28"/>
						<line hits="1" number="29"/>
						<line hits="1" number="31"/>
						<line hits="1" number="32"/>
						<line hits="1" number="34"/>
						<line hits="1" number="35"/>
						<line hits="1" number="37"/>
						<line hits="1" number="38"/>
						<line hits="1" number="40"/>
						<line hits="1" number="41"/>
						<line hits="1" number="43"/>
						<line hits="1" number="44"/>
						<line hits="1" number="47"/>
						<line hits="1" number="50"/>
						<line hits="1" number="51"/>
						<line hits="1" number="53"/>
						<line hits="1" number="54"/>
						<line hits="1" number="56"/>
						<line hits="1" number="57"/>
						<line hits="1" number="58"/>
						<line hits="1" number="59"/>
						<line hits="1" number="60"/>
						<line hits="1" number="61"/>
						<line hits="1" number="62"/>
						<line hits="1" number="64"/>
						<line hits="1" number="66"/>
						<line hits="1" number="67"/>
						<line hits="1" number="68"/>
						<line hits="1" number="69"/>
						<line hits="1" number="70"/>
						<line hits="1" number="71"/>
						<line hits="1" number="72"/>
						<line hits="1" number="73"/>
						<line hits="1" number="74"/>
						<line hits="1" number="76"/>
						<line hits="1" number="77"/>
						<line hits="1" number="78"/>
						<line hits="1" number="79"/>
						<line hits="1" number="80"/>
						<line hits="1" number="81"/>
						<line hits="1" number="83"/>
						<line hits="1" number="84"/>
						<line hits="1" number="85"/>
						<line hits="1" number="86"/>
						<line hits="1" number="87"/>
						<line hits="1" number="88"/>
						<line hits="1" number="89"/>
						<line hits="1" number="90"/>
						<line hits="1" number="91"/>
						<line hits="1" number="92"/>
						<line hits="1" number="94"/>
						<line hits="1" number="95"/>
						<line hits="1" number="96"/>
						<line hits="1" number="97"/>
						<line hits="1" number="99"/>
						<line hits="1" number="100"/>
						<line hits="1" number="101"/>
						<line hits="1" number="102"/>
						<line hits="1" number="103"/>
						<line hits="1" number="104"/>
						<line hits="1" number="105"/>
						<line hits="1" number="106"/>
						<line hits="1" number="107"/>
						<line hits="1" number="108"/>
						<line hits="1" number="109"/>
						<line hits="1" number="110"/>
						<line hits="1" number="111"/>
						<line hits="1" number="112"/>
						<line hits="1" number="113"/>
						<line hits="1" number="114"/>
						<line hits="1" number="116"/>
					</lines>
				</class>
			</classes>
		</package>
	</packages>
</coverage>
